#
# There is insufficient memory for the Java Runtime Environment to continue.
# Native memory allocation (mmap) failed to map 140509184 bytes for committing reserved memory.
# Possible reasons:
#   The system is out of physical RAM or swap space
#   In 32 bit mode, the process size limit was hit
# Possible solutions:
#   Reduce memory load on the system
#   Increase physical memory or swap space
#   Check if swap backing store is full
#   Use 64 bit Java on a 64 bit OS
#   Decrease Java heap size (-Xmx/-Xms)
#   Decrease number of Java threads
#   Decrease Java thread stack sizes (-Xss)
#   Set larger code cache with -XX:ReservedCodeCacheSize=
# This output file may be truncated or incomplete.
#
#  Out of Memory Error (os_linux.cpp:2627), pid=27388, tid=140677502437120
#
# JRE version: Java(TM) SE Runtime Environment (8.0_66-b17) (build 1.8.0_66-b17)
# Java VM: Java HotSpot(TM) 64-Bit Server VM (25.66-b17 mixed mode linux-amd64 compressed oops)
# Failed to write core dump. Core dumps have been disabled. To enable core dumping, try "ulimit -c unlimited" before starting Java again
#

---------------  T H R E A D  ---------------

Current thread (0x00007ff218077800):  VMThread [stack: 0x00007ff2087f8000,0x00007ff2088f9000] [id=27398]

Stack: [0x00007ff2087f8000,0x00007ff2088f9000],  sp=0x00007ff2088f72e0,  free space=1020k
Native frames: (J=compiled Java code, j=interpreted, Vv=VM code, C=native code)
V  [libjvm.so+0xab9a1a]  VMError::report_and_die()+0x2ba
V  [libjvm.so+0x4f9e0b]  report_vm_out_of_memory(char const*, int, unsigned long, VMErrorType, char const*)+0x8b
V  [libjvm.so+0x91a8a3]  os::Linux::commit_memory_impl(char*, unsigned long, bool)+0x103
V  [libjvm.so+0x91adf9]  os::pd_commit_memory(char*, unsigned long, unsigned long, bool)+0x29
V  [libjvm.so+0x91510a]  os::commit_memory(char*, unsigned long, unsigned long, bool)+0x2a
V  [libjvm.so+0x9887a3]  PSVirtualSpace::expand_by(unsigned long)+0x53
V  [libjvm.so+0x989ba8]  PSYoungGen::resize_generation(unsigned long, unsigned long)+0xf8
V  [libjvm.so+0x988d02]  PSYoungGen::resize(unsigned long, unsigned long)+0x22
V  [libjvm.so+0x985fdb]  PSScavenge::invoke_no_policy()+0xf3b
V  [libjvm.so+0x986761]  PSScavenge::invoke()+0x41
V  [libjvm.so+0x93e500]  ParallelScavengeHeap::failed_mem_allocate(unsigned long)+0x70
V  [libjvm.so+0xabb437]  VM_ParallelGCFailedAllocation::doit()+0x97
V  [libjvm.so+0xac2e65]  VM_Operation::evaluate()+0x55
V  [libjvm.so+0xac123a]  VMThread::evaluate_operation(VM_Operation*)+0xba
V  [libjvm.so+0xac15be]  VMThread::loop()+0x1ce
V  [libjvm.so+0xac1a30]  VMThread::run()+0x70
V  [libjvm.so+0x91cc68]  java_start(Thread*)+0x108

VM_Operation (0x00007ff220fad920): ParallelGCFailedAllocation, mode: safepoint, requested by thread 0x00007ff21800a000


---------------  P R O C E S S  ---------------

Java Threads: ( => current thread )
  0x00007ff2180e2000 JavaThread "Service Thread" daemon [_thread_blocked, id=27406, stack(0x00007ff2080f1000,0x00007ff2081f2000)]
  0x00007ff2180bd000 JavaThread "C1 CompilerThread2" daemon [_thread_blocked, id=27405, stack(0x00007ff2081f2000,0x00007ff2082f3000)]
  0x00007ff2180bb000 JavaThread "C2 CompilerThread1" daemon [_thread_blocked, id=27403, stack(0x00007ff2082f3000,0x00007ff2083f4000)]
  0x00007ff2180b8800 JavaThread "C2 CompilerThread0" daemon [_thread_blocked, id=27402, stack(0x00007ff2083f4000,0x00007ff2084f5000)]
  0x00007ff2180b7000 JavaThread "Signal Dispatcher" daemon [_thread_blocked, id=27401, stack(0x00007ff2084f5000,0x00007ff2085f6000)]
  0x00007ff21807f000 JavaThread "Finalizer" daemon [_thread_blocked, id=27400, stack(0x00007ff2085f6000,0x00007ff2086f7000)]
  0x00007ff21807d000 JavaThread "Reference Handler" daemon [_thread_blocked, id=27399, stack(0x00007ff2086f7000,0x00007ff2087f8000)]
  0x00007ff21800a000 JavaThread "main" [_thread_blocked, id=27393, stack(0x00007ff220eaf000,0x00007ff220fb0000)]

Other Threads:
=>0x00007ff218077800 VMThread [stack: 0x00007ff2087f8000,0x00007ff2088f9000] [id=27398]
  0x00007ff2180e5000 WatcherThread [stack: 0x00007ff2016eb000,0x00007ff2017ec000] [id=27407]

VM state:at safepoint (normal execution)

VM Mutex/Monitor currently owned by a thread:  ([mutex/lock_event])
[0x00007ff2180063f0] Threads_lock - owner thread: 0x00007ff218077800
[0x00007ff2180068f0] Heap_lock - owner thread: 0x00007ff21800a000

Heap:
 PSYoungGen      total 134656K, used 14309K [0x00000000eab00000, 0x00000000f3f00000, 0x0000000100000000)
  eden space 120320K, 0% used [0x00000000eab00000,0x00000000eab00000,0x00000000f2080000)
  from space 14336K, 99% used [0x00000000f2080000,0x00000000f2e79730,0x00000000f2e80000)
  to   space 11776K, 0% used [0x00000000f2e80000,0x00000000f2e80000,0x00000000f3a00000)
 ParOldGen       total 40960K, used 37668K [0x00000000c0000000, 0x00000000c2800000, 0x00000000eab00000)
  object space 40960K, 91% used [0x00000000c0000000,0x00000000c24c9210,0x00000000c2800000)
 Metaspace       used 6066K, capacity 7152K, committed 7296K, reserved 1056768K
  class space    used 575K, capacity 616K, committed 640K, reserved 1048576K

Card table byte_map: [0x00007ff21da80000,0x00007ff21dc81000] byte_map_base: 0x00007ff21d480000

Marking Bits: (ParMarkBitMap*) 0x00007ff220390020
 Begin Bits: [0x00007ff202000000, 0x00007ff203000000)
 End Bits:   [0x00007ff203000000, 0x00007ff204000000)

Polling page: 0x00007ff220fd7000

CodeCache: size=245760Kb used=7761Kb max_used=7761Kb free=237998Kb
 bounds [0x00007ff209000000, 0x00007ff2097a0000, 0x00007ff218000000]
 total_blobs=2096 nmethods=1832 adapters=178
 compilation: enabled

Compilation events (10 events):
Event: 8,825 Thread 0x00007ff2180bd000 1886       2       com.android.dx.dex.file.AnnotationsDirectoryItem::addMethodAnnotations (44 bytes)
Event: 8,827 Thread 0x00007ff2180bd000 nmethod 1886 0x00007ff2097748d0 code [0x00007ff209774a80, 0x00007ff209774ec8]
Event: 8,832 Thread 0x00007ff2180bd000 1887       2       com.android.dx.cf.code.SwitchList::getTarget (9 bytes)
Event: 8,833 Thread 0x00007ff2180bd000 nmethod 1887 0x00007ff209774510 code [0x00007ff209774680, 0x00007ff2097747e8]
Event: 8,843 Thread 0x00007ff2180bd000 1890       1       com.android.dx.rop.cst.CstLong::getType (4 bytes)
Event: 8,843 Thread 0x00007ff2180bd000 nmethod 1890 0x00007ff209774250 code [0x00007ff2097743a0, 0x00007ff2097744b0]
Event: 8,945 Thread 0x00007ff2180bd000 1891   !   3       com.android.dx.cf.cst.ConstantPoolParser::determineOffsets (285 bytes)
Event: 8,951 Thread 0x00007ff2180bd000 nmethod 1891 0x00007ff209771050 code [0x00007ff2097713e0, 0x00007ff209772e98]
Event: 8,951 Thread 0x00007ff2180bd000 1892       2       com.android.dx.dex.file.AnnotationUtils::makeCstArray (57 bytes)
Event: 8,953 Thread 0x00007ff2180bd000 nmethod 1892 0x00007ff20976ff10 code [0x00007ff209770120, 0x00007ff209770838]

GC Heap History (10 events):
Event: 3,522 GC heap after
Heap after GC invocations=2 (full 0):
 PSYoungGen      total 33280K, used 2528K [0x00000000eab00000, 0x00000000ece00000, 0x0000000100000000)
  eden space 30720K, 0% used [0x00000000eab00000,0x00000000eab00000,0x00000000ec900000)
  from space 2560K, 98% used [0x00000000ecb80000,0x00000000ecdf81b0,0x00000000ece00000)
  to   space 2560K, 0% used [0x00000000ec900000,0x00000000ec900000,0x00000000ecb80000)
 ParOldGen       total 40960K, used 3773K [0x00000000c0000000, 0x00000000c2800000, 0x00000000eab00000)
  object space 40960K, 9% used [0x00000000c0000000,0x00000000c03af518,0x00000000c2800000)
 Metaspace       used 5664K, capacity 6896K, committed 7040K, reserved 1056768K
  class space    used 565K, capacity 616K, committed 640K, reserved 1048576K
}
Event: 4,400 GC heap before
{Heap before GC invocations=3 (full 0):
 PSYoungGen      total 33280K, used 33248K [0x00000000eab00000, 0x00000000ece00000, 0x0000000100000000)
  eden space 30720K, 100% used [0x00000000eab00000,0x00000000ec900000,0x00000000ec900000)
  from space 2560K, 98% used [0x00000000ecb80000,0x00000000ecdf81b0,0x00000000ece00000)
  to   space 2560K, 0% used [0x00000000ec900000,0x00000000ec900000,0x00000000ecb80000)
 ParOldGen       total 40960K, used 3773K [0x00000000c0000000, 0x00000000c2800000, 0x00000000eab00000)
  object space 40960K, 9% used [0x00000000c0000000,0x00000000c03af518,0x00000000c2800000)
 Metaspace       used 5818K, capacity 7024K, committed 7296K, reserved 1056768K
  class space    used 565K, capacity 616K, committed 640K, reserved 1048576K
Event: 4,434 GC heap after
Heap after GC invocations=3 (full 0):
 PSYoungGen      total 33280K, used 2553K [0x00000000eab00000, 0x00000000eec00000, 0x0000000100000000)
  eden space 30720K, 0% used [0x00000000eab00000,0x00000000eab00000,0x00000000ec900000)
  from space 2560K, 99% used [0x00000000ec900000,0x00000000ecb7e6a0,0x00000000ecb80000)
  to   space 2560K, 0% used [0x00000000ee980000,0x00000000ee980000,0x00000000eec00000)
 ParOldGen       total 40960K, used 8371K [0x00000000c0000000, 0x00000000c2800000, 0x00000000eab00000)
  object space 40960K, 20% used [0x00000000c0000000,0x00000000c082cef0,0x00000000c2800000)
 Metaspace       used 5818K, capacity 7024K, committed 7296K, reserved 1056768K
  class space    used 565K, capacity 616K, committed 640K, reserved 1048576K
}
Event: 5,073 GC heap before
{Heap before GC invocations=4 (full 0):
 PSYoungGen      total 33280K, used 33273K [0x00000000eab00000, 0x00000000eec00000, 0x0000000100000000)
  eden space 30720K, 100% used [0x00000000eab00000,0x00000000ec900000,0x00000000ec900000)
  from space 2560K, 99% used [0x00000000ec900000,0x00000000ecb7e6a0,0x00000000ecb80000)
  to   space 2560K, 0% used [0x00000000ee980000,0x00000000ee980000,0x00000000eec00000)
 ParOldGen       total 40960K, used 8371K [0x00000000c0000000, 0x00000000c2800000, 0x00000000eab00000)
  object space 40960K, 20% used [0x00000000c0000000,0x00000000c082cef0,0x00000000c2800000)
 Metaspace       used 5930K, capacity 7088K, committed 7296K, reserved 1056768K
  class space    used 574K, capacity 616K, committed 640K, reserved 1048576K
Event: 5,097 GC heap after
Heap after GC invocations=4 (full 0):
 PSYoungGen      total 64000K, used 2547K [0x00000000eab00000, 0x00000000eec00000, 0x0000000100000000)
  eden space 61440K, 0% used [0x00000000eab00000,0x00000000eab00000,0x00000000ee700000)
  from space 2560K, 99% used [0x00000000ee980000,0x00000000eebfcdd0,0x00000000eec00000)
  to   space 2560K, 0% used [0x00000000ee700000,0x00000000ee700000,0x00000000ee980000)
 ParOldGen       total 40960K, used 13165K [0x00000000c0000000, 0x00000000c2800000, 0x00000000eab00000)
  object space 40960K, 32% used [0x00000000c0000000,0x00000000c0cdb7b0,0x00000000c2800000)
 Metaspace       used 5930K, capacity 7088K, committed 7296K, reserved 1056768K
  class space    used 574K, capacity 616K, committed 640K, reserved 1048576K
}
Event: 6,265 GC heap before
{Heap before GC invocations=5 (full 0):
 PSYoungGen      total 64000K, used 63987K [0x00000000eab00000, 0x00000000eec00000, 0x0000000100000000)
  eden space 61440K, 100% used [0x00000000eab00000,0x00000000ee700000,0x00000000ee700000)
  from space 2560K, 99% used [0x00000000ee980000,0x00000000eebfcdd0,0x00000000eec00000)
  to   space 2560K, 0% used [0x00000000ee700000,0x00000000ee700000,0x00000000ee980000)
 ParOldGen       total 40960K, used 13165K [0x00000000c0000000, 0x00000000c2800000, 0x00000000eab00000)
  object space 40960K, 32% used [0x00000000c0000000,0x00000000c0cdb7b0,0x00000000c2800000)
 Metaspace       used 5955K, capacity 7088K, committed 7296K, reserved 1056768K
  class space    used 574K, capacity 616K, committed 640K, reserved 1048576K
Event: 6,306 GC heap after
Heap after GC invocations=5 (full 0):
 PSYoungGen      total 64000K, used 2544K [0x00000000eab00000, 0x00000000f3a00000, 0x0000000100000000)
  eden space 61440K, 0% used [0x00000000eab00000,0x00000000eab00000,0x00000000ee700000)
  from space 2560K, 99% used [0x00000000ee700000,0x00000000ee97c258,0x00000000ee980000)
  to   space 11776K, 0% used [0x00000000f2e80000,0x00000000f2e80000,0x00000000f3a00000)
 ParOldGen       total 40960K, used 21496K [0x00000000c0000000, 0x00000000c2800000, 0x00000000eab00000)
  object space 40960K, 52% used [0x00000000c0000000,0x00000000c14fe0a0,0x00000000c2800000)
 Metaspace       used 5955K, capacity 7088K, committed 7296K, reserved 1056768K
  class space    used 574K, capacity 616K, committed 640K, reserved 1048576K
}
Event: 7,088 GC heap before
{Heap before GC invocations=6 (full 0):
 PSYoungGen      total 64000K, used 63984K [0x00000000eab00000, 0x00000000f3a00000, 0x0000000100000000)
  eden space 61440K, 100% used [0x00000000eab00000,0x00000000ee700000,0x00000000ee700000)
  from space 2560K, 99% used [0x00000000ee700000,0x00000000ee97c258,0x00000000ee980000)
  to   space 11776K, 0% used [0x00000000f2e80000,0x00000000f2e80000,0x00000000f3a00000)
 ParOldGen       total 40960K, used 21496K [0x00000000c0000000, 0x00000000c2800000, 0x00000000eab00000)
  object space 40960K, 52% used [0x00000000c0000000,0x00000000c14fe0a0,0x00000000c2800000)
 Metaspace       used 6003K, capacity 7152K, committed 7296K, reserved 1056768K
  class space    used 575K, capacity 616K, committed 640K, reserved 1048576K
Event: 7,154 GC heap after
Heap after GC invocations=6 (full 0):
 PSYoungGen      total 132096K, used 11771K [0x00000000eab00000, 0x00000000f3f00000, 0x0000000100000000)
  eden space 120320K, 0% used [0x00000000eab00000,0x00000000eab00000,0x00000000f2080000)
  from space 11776K, 99% used [0x00000000f2e80000,0x00000000f39fed50,0x00000000f3a00000)
  to   space 14336K, 0% used [0x00000000f2080000,0x00000000f2080000,0x00000000f2e80000)
 ParOldGen       total 40960K, used 22187K [0x00000000c0000000, 0x00000000c2800000, 0x00000000eab00000)
  object space 40960K, 54% used [0x00000000c0000000,0x00000000c15aae78,0x00000000c2800000)
 Metaspace       used 6003K, capacity 7152K, committed 7296K, reserved 1056768K
  class space    used 575K, capacity 616K, committed 640K, reserved 1048576K
}
Event: 8,964 GC heap before
{Heap before GC invocations=7 (full 0):
 PSYoungGen      total 132096K, used 132091K [0x00000000eab00000, 0x00000000f3f00000, 0x0000000100000000)
  eden space 120320K, 100% used [0x00000000eab00000,0x00000000f2080000,0x00000000f2080000)
  from space 11776K, 99% used [0x00000000f2e80000,0x00000000f39fed50,0x00000000f3a00000)
  to   space 14336K, 0% used [0x00000000f2080000,0x00000000f2080000,0x00000000f2e80000)
 ParOldGen       total 40960K, used 22187K [0x00000000c0000000, 0x00000000c2800000, 0x00000000eab00000)
  object space 40960K, 54% used [0x00000000c0000000,0x00000000c15aae78,0x00000000c2800000)
 Metaspace       used 6066K, capacity 7152K, committed 7296K, reserved 1056768K
  class space    used 575K, capacity 616K, committed 640K, reserved 1048576K

Deoptimization events (10 events):
Event: 6,084 Thread 0x00007ff21800a000 Uncommon trap: reason=bimorphic action=maybe_recompile pc=0x00007ff2095ee49c method=com.android.dx.cf.code.BytecodeArray.parseInstruction(ILcom/android/dx/cf/code/BytecodeArray$Visitor;)I @ 1035
Event: 6,084 Thread 0x00007ff21800a000 Uncommon trap: reason=bimorphic action=maybe_recompile pc=0x00007ff2095ee2a4 method=com.android.dx.cf.code.BytecodeArray.parseInstruction(ILcom/android/dx/cf/code/BytecodeArray$Visitor;)I @ 955
Event: 6,084 Thread 0x00007ff21800a000 Uncommon trap: reason=bimorphic action=maybe_recompile pc=0x00007ff2095ee328 method=com.android.dx.cf.code.BytecodeArray.parseInstruction(ILcom/android/dx/cf/code/BytecodeArray$Visitor;)I @ 971
Event: 6,084 Thread 0x00007ff21800a000 Uncommon trap: reason=bimorphic action=maybe_recompile pc=0x00007ff2095ee720 method=com.android.dx.cf.code.BytecodeArray.parseInstruction(ILcom/android/dx/cf/code/BytecodeArray$Visitor;)I @ 1130
Event: 6,084 Thread 0x00007ff21800a000 Uncommon trap: reason=bimorphic action=maybe_recompile pc=0x00007ff2095ee720 method=com.android.dx.cf.code.BytecodeArray.parseInstruction(ILcom/android/dx/cf/code/BytecodeArray$Visitor;)I @ 1130
Event: 6,585 Thread 0x00007ff21800a000 Uncommon trap: reason=unstable_if action=reinterpret pc=0x00007ff2096487bc method=com.android.dx.ssa.LiteralOpUpgrader$1.visitNonMoveInsn(Lcom/android/dx/ssa/NormalSsaInsn;)V @ 176
Event: 6,721 Thread 0x00007ff21800a000 Uncommon trap: reason=unstable_if action=reinterpret pc=0x00007ff2094295c4 method=com.android.dx.util.IntList.binarysearch(I)I @ 105
Event: 6,722 Thread 0x00007ff21800a000 Uncommon trap: reason=unstable_if action=reinterpret pc=0x00007ff2096ba140 method=com.android.dx.ssa.SsaBasicBlock.newFromRop(Lcom/android/dx/rop/code/RopMethod;ILcom/android/dx/ssa/SsaMethod;)Lcom/android/dx/ssa/SsaBasicBlock; @ 164
Event: 7,687 Thread 0x00007ff21800a000 Uncommon trap: reason=unstable_if action=reinterpret pc=0x00007ff2095215e4 method=com.android.dx.ssa.SCCP.simulateStmt(Lcom/android/dx/ssa/SsaInsn;)V @ 59
Event: 8,620 Thread 0x00007ff21800a000 Uncommon trap: reason=unstable_if action=reinterpret pc=0x00007ff209640a28 method=com.android.dx.rop.code.LocalItem.compareHandlesNulls(Lcom/android/dx/rop/cst/CstString;Lcom/android/dx/rop/cst/CstString;)I @ 14

Internal exceptions (8 events):
Event: 0,074 Thread 0x00007ff21800a000 Exception <a 'java/lang/NoSuchMethodError': Method sun.misc.Unsafe.defineClass(Ljava/lang/String;[BII)Ljava/lang/Class; name or signature does not match> (0x00000000eab12b98) thrown at [/HUDSON/workspace/8-2-build-linux-amd64/jdk8u66/4988/hotspot/src/shar
Event: 0,074 Thread 0x00007ff21800a000 Exception <a 'java/lang/NoSuchMethodError': Method sun.misc.Unsafe.prefetchRead(Ljava/lang/Object;J)V name or signature does not match> (0x00000000eab12e80) thrown at [/HUDSON/workspace/8-2-build-linux-amd64/jdk8u66/4988/hotspot/src/share/vm/prims/jni.cpp
Event: 2,917 Thread 0x00007ff21800a000 Exception <a 'java/lang/ArrayIndexOutOfBoundsException': 18> (0x00000000eb94a528) thrown at [/HUDSON/workspace/8-2-build-linux-amd64/jdk8u66/4988/hotspot/src/share/vm/interpreter/interpreterRuntime.cpp, line 366]
Event: 4,516 Thread 0x00007ff21800a000 Exception <a 'java/lang/ArrayIndexOutOfBoundsException': 145> (0x00000000eae49820) thrown at [/HUDSON/workspace/8-2-build-linux-amd64/jdk8u66/4988/hotspot/src/share/vm/interpreter/interpreterRuntime.cpp, line 366]
Event: 4,523 Thread 0x00007ff21800a000 Exception <a 'java/lang/ArrayIndexOutOfBoundsException'> (0x00000000eae4ab08) thrown at [/HUDSON/workspace/8-2-build-linux-amd64/jdk8u66/4988/hotspot/src/share/vm/runtime/sharedRuntime.cpp, line 605]
Event: 4,557 Thread 0x00007ff21800a000 Implicit null exception at 0x00007ff2093fc508 to 0x00007ff2093fd9dd
Event: 4,557 Thread 0x00007ff21800a000 Implicit null exception at 0x00007ff2093c68d2 to 0x00007ff2093c7a49
Event: 8,620 Thread 0x00007ff21800a000 Implicit null exception at 0x00007ff20963f3f2 to 0x00007ff2096409f9

Events (10 events):
Event: 8,620 Thread 0x00007ff21800a000 Uncommon trap: trap_request=0xffffff65 fr.pc=0x00007ff209640a28
Event: 8,620 Thread 0x00007ff21800a000 DEOPT PACKING pc=0x00007ff209640a28 sp=0x00007ff220fadae0
Event: 8,620 Thread 0x00007ff21800a000 DEOPT UNPACKING pc=0x00007ff209005229 sp=0x00007ff220fad8d8 mode 2
Event: 8,786 Thread 0x00007ff21800a000 DEOPT PACKING pc=0x00007ff2096a3591 sp=0x00007ff220fae0c0
Event: 8,787 Thread 0x00007ff21800a000 DEOPT UNPACKING pc=0x00007ff209047233 sp=0x00007ff220fadee8 mode 0
Event: 8,810 Thread 0x00007ff21800a000 DEOPT PACKING pc=0x00007ff2096a5ec2 sp=0x00007ff220fadcd0
Event: 8,810 Thread 0x00007ff21800a000 DEOPT UNPACKING pc=0x00007ff209047233 sp=0x00007ff220fadb00 mode 0
Event: 8,944 Thread 0x00007ff21800a000 DEOPT PACKING pc=0x00007ff2096a9041 sp=0x00007ff220fadbd0
Event: 8,944 Thread 0x00007ff21800a000 DEOPT UNPACKING pc=0x00007ff209047233 sp=0x00007ff220fad9b0 mode 0
Event: 8,964 Executing VM operation: ParallelGCFailedAllocation


Dynamic libraries:
00400000-00401000 r-xp 00000000 08:09 8264170                            /usr/lib/jvm/java-8-oracle/bin/java
00600000-00601000 rw-p 00000000 08:09 8264170                            /usr/lib/jvm/java-8-oracle/bin/java
0074b000-0076c000 rw-p 00000000 00:00 0                                  [heap]
c0000000-c2800000 rw-p 00000000 00:00 0 
c2800000-eab00000 ---p 00000000 00:00 0 
eab00000-f3f00000 rw-p 00000000 00:00 0 
fc500000-100000000 ---p 00000000 00:00 0 
100000000-1000a0000 rw-p 00000000 00:00 0 
1000a0000-140000000 ---p 00000000 00:00 0 
7ff1cc000000-7ff1cc021000 rw-p 00000000 00:00 0 
7ff1cc021000-7ff1d0000000 ---p 00000000 00:00 0 
7ff1d0000000-7ff1d0021000 rw-p 00000000 00:00 0 
7ff1d0021000-7ff1d4000000 ---p 00000000 00:00 0 
7ff1d4000000-7ff1d4f01000 rw-p 00000000 00:00 0 
7ff1d4f01000-7ff1d8000000 ---p 00000000 00:00 0 
7ff1d8000000-7ff1d8725000 rw-p 00000000 00:00 0 
7ff1d8725000-7ff1dc000000 ---p 00000000 00:00 0 
7ff1dc000000-7ff1dc021000 rw-p 00000000 00:00 0 
7ff1dc021000-7ff1e0000000 ---p 00000000 00:00 0 
7ff1e0000000-7ff1e1172000 rw-p 00000000 00:00 0 
7ff1e1172000-7ff1e4000000 ---p 00000000 00:00 0 
7ff1e4000000-7ff1e4021000 rw-p 00000000 00:00 0 
7ff1e4021000-7ff1e8000000 ---p 00000000 00:00 0 
7ff1e8000000-7ff1e8021000 rw-p 00000000 00:00 0 
7ff1e8021000-7ff1ec000000 ---p 00000000 00:00 0 
7ff1ec000000-7ff1ec021000 rw-p 00000000 00:00 0 
7ff1ec021000-7ff1f0000000 ---p 00000000 00:00 0 
7ff1f0000000-7ff1f028e000 rw-p 00000000 00:00 0 
7ff1f028e000-7ff1f4000000 ---p 00000000 00:00 0 
7ff1f4000000-7ff1f4021000 rw-p 00000000 00:00 0 
7ff1f4021000-7ff1f8000000 ---p 00000000 00:00 0 
7ff1fc000000-7ff1fc021000 rw-p 00000000 00:00 0 
7ff1fc021000-7ff200000000 ---p 00000000 00:00 0 
7ff2016eb000-7ff2016ec000 ---p 00000000 00:00 0 
7ff2016ec000-7ff2017ec000 rw-p 00000000 00:00 0                          [stack:27407]
7ff2017ec000-7ff202000000 r--p 00000000 08:09 8264660                    /usr/lib/locale/locale-archive
7ff202000000-7ff204000000 rw-p 00000000 00:00 0 
7ff204000000-7ff204021000 rw-p 00000000 00:00 0 
7ff204021000-7ff208000000 ---p 00000000 00:00 0 
7ff2080a1000-7ff2080d0000 r--p 00000000 08:09 9457562                    /usr/share/locale-langpack/ru/LC_MESSAGES/libc.mo
7ff2080d0000-7ff2080f1000 r--s 00161000 08:09 6693756                    /home/mihail/AndroidstudioProjects/DLControl/app/build/intermediates/multi-dex/debug/allclasses.jar
7ff2080f1000-7ff2080f4000 ---p 00000000 00:00 0 
7ff2080f4000-7ff2081f2000 rw-p 00000000 00:00 0                          [stack:27406]
7ff2081f2000-7ff2081f5000 ---p 00000000 00:00 0 
7ff2081f5000-7ff2082f3000 rw-p 00000000 00:00 0                          [stack:27405]
7ff2082f3000-7ff2082f6000 ---p 00000000 00:00 0 
7ff2082f6000-7ff2083f4000 rw-p 00000000 00:00 0                          [stack:27403]
7ff2083f4000-7ff2083f7000 ---p 00000000 00:00 0 
7ff2083f7000-7ff2084f5000 rw-p 00000000 00:00 0                          [stack:27402]
7ff2084f5000-7ff2084f8000 ---p 00000000 00:00 0 
7ff2084f8000-7ff2085f6000 rw-p 00000000 00:00 0                          [stack:27401]
7ff2085f6000-7ff2085f9000 ---p 00000000 00:00 0 
7ff2085f9000-7ff2086f7000 rw-p 00000000 00:00 0                          [stack:27400]
7ff2086f7000-7ff2086fa000 ---p 00000000 00:00 0 
7ff2086fa000-7ff2087f8000 rw-p 00000000 00:00 0                          [stack:27399]
7ff2087f8000-7ff2087f9000 ---p 00000000 00:00 0 
7ff2087f9000-7ff209000000 rw-p 00000000 00:00 0                          [stack:27398]
7ff209000000-7ff2097a0000 rwxp 00000000 00:00 0 
7ff2097a0000-7ff218000000 ---p 00000000 00:00 0 
7ff218000000-7ff2183a9000 rw-p 00000000 00:00 0 
7ff2183a9000-7ff21c000000 ---p 00000000 00:00 0 
7ff21c014000-7ff21c01b000 r--s 00000000 08:09 8656686                    /usr/lib/x86_64-linux-gnu/gconv/gconv-modules.cache
7ff21c01b000-7ff21c02a000 r--s 000dd000 08:09 4854418                    /home/mihail/Android/Sdk/build-tools/22.0.1/lib/dx.jar
7ff21c02a000-7ff21c8d7000 rw-p 00000000 00:00 0 
7ff21c8d7000-7ff21cab0000 r--s 03d20000 08:09 8270828                    /usr/lib/jvm/java-8-oracle/jre/lib/rt.jar
7ff21cab0000-7ff21d1a6000 rw-p 00000000 00:00 0 
7ff21d1a6000-7ff21d326000 ---p 00000000 00:00 0 
7ff21d326000-7ff21d526000 rw-p 00000000 00:00 0 
7ff21d526000-7ff21d527000 ---p 00000000 00:00 0 
7ff21d527000-7ff21d627000 rw-p 00000000 00:00 0                          [stack:27397]
7ff21d627000-7ff21d628000 ---p 00000000 00:00 0 
7ff21d628000-7ff21d728000 rw-p 00000000 00:00 0                          [stack:27396]
7ff21d728000-7ff21d729000 ---p 00000000 00:00 0 
7ff21d729000-7ff21d829000 rw-p 00000000 00:00 0                          [stack:27395]
7ff21d829000-7ff21d82a000 ---p 00000000 00:00 0 
7ff21d82a000-7ff21d93e000 rw-p 00000000 00:00 0                          [stack:27394]
7ff21d93e000-7ff21da80000 ---p 00000000 00:00 0 
7ff21da80000-7ff21da94000 rw-p 00000000 00:00 0 
7ff21da94000-7ff21dbd5000 ---p 00000000 00:00 0 
7ff21dbd5000-7ff21dc20000 rw-p 00000000 00:00 0 
7ff21dc20000-7ff21dc80000 ---p 00000000 00:00 0 
7ff21dc80000-7ff21dca0000 rw-p 00000000 00:00 0 
7ff21dca0000-7ff21e041000 ---p 00000000 00:00 0 
7ff21e041000-7ff21e05b000 r-xp 00000000 08:09 8396410                    /usr/lib/jvm/java-8-oracle/jre/lib/amd64/libzip.so
7ff21e05b000-7ff21e25b000 ---p 0001a000 08:09 8396410                    /usr/lib/jvm/java-8-oracle/jre/lib/amd64/libzip.so
7ff21e25b000-7ff21e25c000 rw-p 0001a000 08:09 8396410                    /usr/lib/jvm/java-8-oracle/jre/lib/amd64/libzip.so
7ff21e25c000-7ff21e267000 r-xp 00000000 08:09 2883613                    /lib/x86_64-linux-gnu/libnss_files-2.19.so
7ff21e267000-7ff21e466000 ---p 0000b000 08:09 2883613                    /lib/x86_64-linux-gnu/libnss_files-2.19.so
7ff21e466000-7ff21e467000 r--p 0000a000 08:09 2883613                    /lib/x86_64-linux-gnu/libnss_files-2.19.so
7ff21e467000-7ff21e468000 rw-p 0000b000 08:09 2883613                    /lib/x86_64-linux-gnu/libnss_files-2.19.so
7ff21e468000-7ff21e473000 r-xp 00000000 08:09 2887574                    /lib/x86_64-linux-gnu/libnss_nis-2.19.so
7ff21e473000-7ff21e672000 ---p 0000b000 08:09 2887574                    /lib/x86_64-linux-gnu/libnss_nis-2.19.so
7ff21e672000-7ff21e673000 r--p 0000a000 08:09 2887574                    /lib/x86_64-linux-gnu/libnss_nis-2.19.so
7ff21e673000-7ff21e674000 rw-p 0000b000 08:09 2887574                    /lib/x86_64-linux-gnu/libnss_nis-2.19.so
7ff21e674000-7ff21e68b000 r-xp 00000000 08:09 2883680                    /lib/x86_64-linux-gnu/libnsl-2.19.so
7ff21e68b000-7ff21e88a000 ---p 00017000 08:09 2883680                    /lib/x86_64-linux-gnu/libnsl-2.19.so
7ff21e88a000-7ff21e88b000 r--p 00016000 08:09 2883680                    /lib/x86_64-linux-gnu/libnsl-2.19.so
7ff21e88b000-7ff21e88c000 rw-p 00017000 08:09 2883680                    /lib/x86_64-linux-gnu/libnsl-2.19.so
7ff21e88c000-7ff21e88e000 rw-p 00000000 00:00 0 
7ff21e88e000-7ff21e897000 r-xp 00000000 08:09 2883679                    /lib/x86_64-linux-gnu/libnss_compat-2.19.so
7ff21e897000-7ff21ea96000 ---p 00009000 08:09 2883679                    /lib/x86_64-linux-gnu/libnss_compat-2.19.so
7ff21ea96000-7ff21ea97000 r--p 00008000 08:09 2883679                    /lib/x86_64-linux-gnu/libnss_compat-2.19.so
7ff21ea97000-7ff21ea98000 rw-p 00009000 08:09 2883679                    /lib/x86_64-linux-gnu/libnss_compat-2.19.so
7ff21ea98000-7ff21eac2000 r-xp 00000000 08:09 8396398                    /usr/lib/jvm/java-8-oracle/jre/lib/amd64/libjava.so
7ff21eac2000-7ff21ecc2000 ---p 0002a000 08:09 8396398                    /usr/lib/jvm/java-8-oracle/jre/lib/amd64/libjava.so
7ff21ecc2000-7ff21ecc4000 rw-p 0002a000 08:09 8396398                    /usr/lib/jvm/java-8-oracle/jre/lib/amd64/libjava.so
7ff21ecc4000-7ff21ecd1000 r-xp 00000000 08:09 8396439                    /usr/lib/jvm/java-8-oracle/jre/lib/amd64/libverify.so
7ff21ecd1000-7ff21eed1000 ---p 0000d000 08:09 8396439                    /usr/lib/jvm/java-8-oracle/jre/lib/amd64/libverify.so
7ff21eed1000-7ff21eed3000 rw-p 0000d000 08:09 8396439                    /usr/lib/jvm/java-8-oracle/jre/lib/amd64/libverify.so
7ff21eed3000-7ff21eeda000 r-xp 00000000 08:09 2883688                    /lib/x86_64-linux-gnu/librt-2.19.so
7ff21eeda000-7ff21f0d9000 ---p 00007000 08:09 2883688                    /lib/x86_64-linux-gnu/librt-2.19.so
7ff21f0d9000-7ff21f0da000 r--p 00006000 08:09 2883688                    /lib/x86_64-linux-gnu/librt-2.19.so
7ff21f0da000-7ff21f0db000 rw-p 00007000 08:09 2883688                    /lib/x86_64-linux-gnu/librt-2.19.so
7ff21f0db000-7ff21f1e0000 r-xp 00000000 08:09 2883610                    /lib/x86_64-linux-gnu/libm-2.19.so
7ff21f1e0000-7ff21f3df000 ---p 00105000 08:09 2883610                    /lib/x86_64-linux-gnu/libm-2.19.so
7ff21f3df000-7ff21f3e0000 r--p 00104000 08:09 2883610                    /lib/x86_64-linux-gnu/libm-2.19.so
7ff21f3e0000-7ff21f3e1000 rw-p 00105000 08:09 2883610                    /lib/x86_64-linux-gnu/libm-2.19.so
7ff21f3e1000-7ff22009f000 r-xp 00000000 08:09 8396782                    /usr/lib/jvm/java-8-oracle/jre/lib/amd64/server/libjvm.so
7ff22009f000-7ff22029e000 ---p 00cbe000 08:09 8396782                    /usr/lib/jvm/java-8-oracle/jre/lib/amd64/server/libjvm.so
7ff22029e000-7ff220377000 rw-p 00cbd000 08:09 8396782                    /usr/lib/jvm/java-8-oracle/jre/lib/amd64/server/libjvm.so
7ff220377000-7ff2203bb000 rw-p 00000000 00:00 0 
7ff2203bb000-7ff220576000 r-xp 00000000 08:09 2883685                    /lib/x86_64-linux-gnu/libc-2.19.so
7ff220576000-7ff220775000 ---p 001bb000 08:09 2883685                    /lib/x86_64-linux-gnu/libc-2.19.so
7ff220775000-7ff220779000 r--p 001ba000 08:09 2883685                    /lib/x86_64-linux-gnu/libc-2.19.so
7ff220779000-7ff22077b000 rw-p 001be000 08:09 2883685                    /lib/x86_64-linux-gnu/libc-2.19.so
7ff22077b000-7ff220780000 rw-p 00000000 00:00 0 
7ff220780000-7ff220783000 r-xp 00000000 08:09 2883674                    /lib/x86_64-linux-gnu/libdl-2.19.so
7ff220783000-7ff220982000 ---p 00003000 08:09 2883674                    /lib/x86_64-linux-gnu/libdl-2.19.so
7ff220982000-7ff220983000 r--p 00002000 08:09 2883674                    /lib/x86_64-linux-gnu/libdl-2.19.so
7ff220983000-7ff220984000 rw-p 00003000 08:09 2883674                    /lib/x86_64-linux-gnu/libdl-2.19.so
7ff220984000-7ff220999000 r-xp 00000000 08:09 8528436                    /usr/lib/jvm/java-8-oracle/lib/amd64/jli/libjli.so
7ff220999000-7ff220b99000 ---p 00015000 08:09 8528436                    /usr/lib/jvm/java-8-oracle/lib/amd64/jli/libjli.so
7ff220b99000-7ff220b9a000 rw-p 00015000 08:09 8528436                    /usr/lib/jvm/java-8-oracle/lib/amd64/jli/libjli.so
7ff220b9a000-7ff220bb3000 r-xp 00000000 08:09 2883686                    /lib/x86_64-linux-gnu/libpthread-2.19.so
7ff220bb3000-7ff220db2000 ---p 00019000 08:09 2883686                    /lib/x86_64-linux-gnu/libpthread-2.19.so
7ff220db2000-7ff220db3000 r--p 00018000 08:09 2883686                    /lib/x86_64-linux-gnu/libpthread-2.19.so
7ff220db3000-7ff220db4000 rw-p 00019000 08:09 2883686                    /lib/x86_64-linux-gnu/libpthread-2.19.so
7ff220db4000-7ff220db8000 rw-p 00000000 00:00 0 
7ff220db8000-7ff220ddb000 r-xp 00000000 08:09 2883682                    /lib/x86_64-linux-gnu/ld-2.19.so
7ff220ddd000-7ff220eaf000 rw-p 00000000 00:00 0 
7ff220eaf000-7ff220eb2000 ---p 00000000 00:00 0 
7ff220eb2000-7ff220fb4000 rw-p 00000000 00:00 0                          [stack:27393]
7ff220fb9000-7ff220fce000 rw-p 00000000 00:00 0 
7ff220fce000-7ff220fd6000 rw-s 00000000 08:09 10887785                   /tmp/hsperfdata_mihail/27388
7ff220fd6000-7ff220fd7000 rw-p 00000000 00:00 0 
7ff220fd7000-7ff220fd8000 ---p 00000000 00:00 0 
7ff220fd8000-7ff220fda000 rw-p 00000000 00:00 0 
7ff220fda000-7ff220fdb000 r--p 00022000 08:09 2883682                    /lib/x86_64-linux-gnu/ld-2.19.so
7ff220fdb000-7ff220fdc000 rw-p 00023000 08:09 2883682                    /lib/x86_64-linux-gnu/ld-2.19.so
7ff220fdc000-7ff220fdd000 rw-p 00000000 00:00 0 
7fffb6db0000-7fffb6dd1000 rw-p 00000000 00:00 0                          [stack]
7fffb6df9000-7fffb6dfb000 r-xp 00000000 00:00 0                          [vdso]
ffffffffff600000-ffffffffff601000 r-xp 00000000 00:00 0                  [vsyscall]

VM Arguments:
jvm_args: -Xmx1024M -Dfile.encoding=UTF-8 -Duser.country=RU -Duser.language=ru -Duser.variant 
java_command: com.android.dx.command.Main --dex --multi-dex --main-dex-list /home/mihail/AndroidstudioProjects/DLControl/app/build/intermediates/multi-dex/debug/maindexlist.txt --output /home/mihail/AndroidstudioProjects/DLControl/app/build/intermediates/dex/debug /home/mihail/AndroidstudioProjects/DLControl/app/build/intermediates/multi-dex/debug/allclasses.jar
java_class_path (initial): /home/mihail/Android/Sdk/build-tools/22.0.1/lib/dx.jar
Launcher Type: SUN_STANDARD

Environment Variables:
PATH=/usr/local/sbin:/usr/local/bin:/usr/sbin:/usr/bin:/sbin:/bin:/usr/games:/usr/local/games
LD_LIBRARY_PATH=/home/mihail/Android/android-studio/bin:
SHELL=/bin/bash
DISPLAY=:0

Signal Handlers:
SIGSEGV: [libjvm.so+0xaba2a0], sa_mask[0]=11111111011111111101111111111110, sa_flags=SA_RESTART|SA_SIGINFO
SIGBUS: [libjvm.so+0xaba2a0], sa_mask[0]=11111111011111111101111111111110, sa_flags=SA_RESTART|SA_SIGINFO
SIGFPE: [libjvm.so+0x917710], sa_mask[0]=11111111011111111101111111111110, sa_flags=SA_RESTART|SA_SIGINFO
SIGPIPE: [libjvm.so+0x917710], sa_mask[0]=11111111011111111101111111111110, sa_flags=SA_RESTART|SA_SIGINFO
SIGXFSZ: [libjvm.so+0x917710], sa_mask[0]=11111111011111111101111111111110, sa_flags=SA_RESTART|SA_SIGINFO
SIGILL: [libjvm.so+0x917710], sa_mask[0]=11111111011111111101111111111110, sa_flags=SA_RESTART|SA_SIGINFO
SIGUSR1: SIG_DFL, sa_mask[0]=00000000000000000000000000000000, sa_flags=none
SIGUSR2: [libjvm.so+0x918d40], sa_mask[0]=00100000000000000000000000000000, sa_flags=SA_RESTART|SA_SIGINFO
SIGHUP: [libjvm.so+0x91a140], sa_mask[0]=11111111011111111101111111111110, sa_flags=SA_RESTART|SA_SIGINFO
SIGINT: [libjvm.so+0x91a140], sa_mask[0]=11111111011111111101111111111110, sa_flags=SA_RESTART|SA_SIGINFO
SIGTERM: [libjvm.so+0x91a140], sa_mask[0]=11111111011111111101111111111110, sa_flags=SA_RESTART|SA_SIGINFO
SIGQUIT: [libjvm.so+0x91a140], sa_mask[0]=11111111011111111101111111111110, sa_flags=SA_RESTART|SA_SIGINFO


---------------  S Y S T E M  ---------------

OS:DISTRIB_ID=Ubuntu
DISTRIB_RELEASE=14.04
DISTRIB_CODENAME=trusty
DISTRIB_DESCRIPTION="Ubuntu 14.04.3 LTS"

uname:Linux 3.13.0-68-generic #111-Ubuntu SMP Fri Nov 6 18:17:06 UTC 2015 x86_64
libc:glibc 2.19 NPTL 2.19 
rlimit: STACK 8192k, CORE 0k, NPROC 30097, NOFILE 4096, AS infinity
load average:2,50 1,74 1,49

/proc/meminfo:
MemTotal:        3928848 kB
MemFree:          111840 kB
Buffers:            1688 kB
Cached:           277988 kB
SwapCached:            0 kB
Active:          3381216 kB
Inactive:         227520 kB
Active(anon):    3330496 kB
Inactive(anon):   179372 kB
Active(file):      50720 kB
Inactive(file):    48148 kB
Unevictable:          64 kB
Mlocked:              64 kB
SwapTotal:             0 kB
SwapFree:              0 kB
Dirty:                68 kB
Writeback:          5852 kB
AnonPages:       3329288 kB
Mapped:           121848 kB
Shmem:            180640 kB
Slab:              92052 kB
SReclaimable:      46728 kB
SUnreclaim:        45324 kB
KernelStack:        5856 kB
PageTables:        52852 kB
NFS_Unstable:          0 kB
Bounce:                0 kB
WritebackTmp:          0 kB
CommitLimit:     1964424 kB
Committed_AS:    6404916 kB
VmallocTotal:   34359738367 kB
VmallocUsed:      347748 kB
VmallocChunk:   34359344764 kB
HardwareCorrupted:     0 kB
AnonHugePages:   1177600 kB
HugePages_Total:       0
HugePages_Free:        0
HugePages_Rsvd:        0
HugePages_Surp:        0
Hugepagesize:       2048 kB
DirectMap4k:       89792 kB
DirectMap2M:     3985408 kB


CPU:total 4 (4 cores per cpu, 1 threads per core) family 6 model 55 stepping 8, cmov, cx8, fxsr, mmx, sse, sse2, sse3, ssse3, sse4.1, sse4.2, popcnt, clmul, erms, 3dnowpref, tsc, tscinvbit

/proc/cpuinfo:
processor	: 0
vendor_id	: GenuineIntel
cpu family	: 6
model		: 55
model name	: Intel(R) Pentium(R) CPU  N3540  @ 2.16GHz
stepping	: 8
microcode	: 0x829
cpu MHz		: 498.000
cache size	: 1024 KB
physical id	: 0
siblings	: 4
core id		: 0
cpu cores	: 4
apicid		: 0
initial apicid	: 0
fpu		: yes
fpu_exception	: yes
cpuid level	: 11
wp		: yes
flags		: fpu vme de pse tsc msr pae mce cx8 apic sep mtrr pge mca cmov pat pse36 clflush dts acpi mmx fxsr sse sse2 ss ht tm pbe syscall nx rdtscp lm constant_tsc arch_perfmon pebs bts rep_good nopl xtopology nonstop_tsc aperfmperf pni pclmulqdq dtes64 monitor ds_cpl vmx est tm2 ssse3 cx16 xtpr pdcm sse4_1 sse4_2 movbe popcnt tsc_deadline_timer rdrand lahf_lm 3dnowprefetch ida arat epb dtherm tpr_shadow vnmi flexpriority ept vpid tsc_adjust smep erms
bogomips	: 4333.50
clflush size	: 64
cache_alignment	: 64
address sizes	: 36 bits physical, 48 bits virtual
power management:

processor	: 1
vendor_id	: GenuineIntel
cpu family	: 6
model		: 55
model name	: Intel(R) Pentium(R) CPU  N3540  @ 2.16GHz
stepping	: 8
microcode	: 0x829
cpu MHz		: 664.000
cache size	: 1024 KB
physical id	: 0
siblings	: 4
core id		: 1
cpu cores	: 4
apicid		: 2
initial apicid	: 2
fpu		: yes
fpu_exception	: yes
cpuid level	: 11
wp		: yes
flags		: fpu vme de pse tsc msr pae mce cx8 apic sep mtrr pge mca cmov pat pse36 clflush dts acpi mmx fxsr sse sse2 ss ht tm pbe syscall nx rdtscp lm constant_tsc arch_perfmon pebs bts rep_good nopl xtopology nonstop_tsc aperfmperf pni pclmulqdq dtes64 monitor ds_cpl vmx est tm2 ssse3 cx16 xtpr pdcm sse4_1 sse4_2 movbe popcnt tsc_deadline_timer rdrand lahf_lm 3dnowprefetch ida arat epb dtherm tpr_shadow vnmi flexpriority ept vpid tsc_adjust smep erms
bogomips	: 4333.50
clflush size	: 64
cache_alignment	: 64
address sizes	: 36 bits physical, 48 bits virtual
power management:

processor	: 2
vendor_id	: GenuineIntel
cpu family	: 6
model		: 55
model name	: Intel(R) Pentium(R) CPU  N3540  @ 2.16GHz
stepping	: 8
microcode	: 0x829
cpu MHz		: 2159.000
cache size	: 1024 KB
physical id	: 0
siblings	: 4
core id		: 2
cpu cores	: 4
apicid		: 4
initial apicid	: 4
fpu		: yes
fpu_exception	: yes
cpuid level	: 11
wp		: yes
flags		: fpu vme de pse tsc msr pae mce cx8 apic sep mtrr pge mca cmov pat pse36 clflush dts acpi mmx fxsr sse sse2 ss ht tm pbe syscall nx rdtscp lm constant_tsc arch_perfmon pebs bts rep_good nopl xtopology nonstop_tsc aperfmperf pni pclmulqdq dtes64 monitor ds_cpl vmx est tm2 ssse3 cx16 xtpr pdcm sse4_1 sse4_2 movbe popcnt tsc_deadline_timer rdrand lahf_lm 3dnowprefetch ida arat epb dtherm tpr_shadow vnmi flexpriority ept vpid tsc_adjust smep erms
bogomips	: 4333.50
clflush size	: 64
cache_alignment	: 64
address sizes	: 36 bits physical, 48 bits virtual
power management:

processor	: 3
vendor_id	: GenuineIntel
cpu family	: 6
model		: 55
model name	: Intel(R) Pentium(R) CPU  N3540  @ 2.16GHz
stepping	: 8
microcode	: 0x829
cpu MHz		: 498.000
cache size	: 1024 KB
physical id	: 0
siblings	: 4
core id		: 3
cpu cores	: 4
apicid		: 6
initial apicid	: 6
fpu		: yes
fpu_exception	: yes
cpuid level	: 11
wp		: yes
flags		: fpu vme de pse tsc msr pae mce cx8 apic sep mtrr pge mca cmov pat pse36 clflush dts acpi mmx fxsr sse sse2 ss ht tm pbe syscall nx rdtscp lm constant_tsc arch_perfmon pebs bts rep_good nopl xtopology nonstop_tsc aperfmperf pni pclmulqdq dtes64 monitor ds_cpl vmx est tm2 ssse3 cx16 xtpr pdcm sse4_1 sse4_2 movbe popcnt tsc_deadline_timer rdrand lahf_lm 3dnowprefetch ida arat epb dtherm tpr_shadow vnmi flexpriority ept vpid tsc_adjust smep erms
bogomips	: 4333.50
clflush size	: 64
cache_alignment	: 64
address sizes	: 36 bits physical, 48 bits virtual
power management:



Memory: 4k page, physical 3928848k(111840k free), swap 0k(0k free)

vm_info: Java HotSpot(TM) 64-Bit Server VM (25.66-b17) for linux-amd64 JRE (1.8.0_66-b17), built on Oct  6 2015 17:28:34 by "java_re" with gcc 4.3.0 20080428 (Red Hat 4.3.0-8)

time: Sun Nov 29 15:44:37 2015
elapsed time: 11 seconds (0d 0h 0m 11s)

