#
# There is insufficient memory for the Java Runtime Environment to continue.
# Native memory allocation (mmap) failed to map 142606336 bytes for committing reserved memory.
# Possible reasons:
#   The system is out of physical RAM or swap space
#   In 32 bit mode, the process size limit was hit
# Possible solutions:
#   Reduce memory load on the system
#   Increase physical memory or swap space
#   Check if swap backing store is full
#   Use 64 bit Java on a 64 bit OS
#   Decrease Java heap size (-Xmx/-Xms)
#   Decrease number of Java threads
#   Decrease Java thread stack sizes (-Xss)
#   Set larger code cache with -XX:ReservedCodeCacheSize=
# This output file may be truncated or incomplete.
#
#  Out of Memory Error (os_linux.cpp:2627), pid=19066, tid=140477443139328
#
# JRE version: Java(TM) SE Runtime Environment (8.0_66-b17) (build 1.8.0_66-b17)
# Java VM: Java HotSpot(TM) 64-Bit Server VM (25.66-b17 mixed mode linux-amd64 compressed oops)
# Failed to write core dump. Core dumps have been disabled. To enable core dumping, try "ulimit -c unlimited" before starting Java again
#

---------------  T H R E A D  ---------------

Current thread (0x00007fc384077800):  VMThread [stack: 0x00007fc37408e000,0x00007fc37418f000] [id=19075]

Stack: [0x00007fc37408e000,0x00007fc37418f000],  sp=0x00007fc37418cfe0,  free space=1019k
Native frames: (J=compiled Java code, j=interpreted, Vv=VM code, C=native code)
V  [libjvm.so+0xab9a1a]  VMError::report_and_die()+0x2ba
V  [libjvm.so+0x4f9e0b]  report_vm_out_of_memory(char const*, int, unsigned long, VMErrorType, char const*)+0x8b
V  [libjvm.so+0x91a8a3]  os::Linux::commit_memory_impl(char*, unsigned long, bool)+0x103
V  [libjvm.so+0x91adf9]  os::pd_commit_memory(char*, unsigned long, unsigned long, bool)+0x29
V  [libjvm.so+0x91510a]  os::commit_memory(char*, unsigned long, unsigned long, bool)+0x2a
V  [libjvm.so+0x9887a3]  PSVirtualSpace::expand_by(unsigned long)+0x53
V  [libjvm.so+0x989ba8]  PSYoungGen::resize_generation(unsigned long, unsigned long)+0xf8
V  [libjvm.so+0x988d02]  PSYoungGen::resize(unsigned long, unsigned long)+0x22
V  [libjvm.so+0x985fdb]  PSScavenge::invoke_no_policy()+0xf3b
V  [libjvm.so+0x986761]  PSScavenge::invoke()+0x41
V  [libjvm.so+0x93e500]  ParallelScavengeHeap::failed_mem_allocate(unsigned long)+0x70
V  [libjvm.so+0xabb437]  VM_ParallelGCFailedAllocation::doit()+0x97
V  [libjvm.so+0xac2e65]  VM_Operation::evaluate()+0x55
V  [libjvm.so+0xac123a]  VMThread::evaluate_operation(VM_Operation*)+0xba
V  [libjvm.so+0xac15be]  VMThread::loop()+0x1ce
V  [libjvm.so+0xac1a30]  VMThread::run()+0x70
V  [libjvm.so+0x91cc68]  java_start(Thread*)+0x108

VM_Operation (0x00007fc38c81ba80): ParallelGCFailedAllocation, mode: safepoint, requested by thread 0x00007fc38400a000


---------------  P R O C E S S  ---------------

Java Threads: ( => current thread )
  0x00007fc3840ca000 JavaThread "Service Thread" daemon [_thread_blocked, id=19082, stack(0x00007fc3610e5000,0x00007fc3611e6000)]
  0x00007fc3840bd000 JavaThread "C1 CompilerThread2" daemon [_thread_blocked, id=19081, stack(0x00007fc3611e6000,0x00007fc3612e7000)]
  0x00007fc3840bb000 JavaThread "C2 CompilerThread1" daemon [_thread_blocked, id=19080, stack(0x00007fc3612e7000,0x00007fc3613e8000)]
  0x00007fc3840b8800 JavaThread "C2 CompilerThread0" daemon [_thread_blocked, id=19079, stack(0x00007fc3613e8000,0x00007fc3614e9000)]
  0x00007fc3840b7000 JavaThread "Signal Dispatcher" daemon [_thread_blocked, id=19078, stack(0x00007fc3614e9000,0x00007fc3615ea000)]
  0x00007fc38407f000 JavaThread "Finalizer" daemon [_thread_blocked, id=19077, stack(0x00007fc361dfe000,0x00007fc361eff000)]
  0x00007fc38407d000 JavaThread "Reference Handler" daemon [_thread_blocked, id=19076, stack(0x00007fc361eff000,0x00007fc362000000)]
  0x00007fc38400a000 JavaThread "main" [_thread_blocked, id=19070, stack(0x00007fc38c71d000,0x00007fc38c81e000)]

Other Threads:
=>0x00007fc384077800 VMThread [stack: 0x00007fc37408e000,0x00007fc37418f000] [id=19075]
  0x00007fc3840cd000 WatcherThread [stack: 0x00007fc360fe4000,0x00007fc3610e5000] [id=19083]

VM state:at safepoint (normal execution)

VM Mutex/Monitor currently owned by a thread:  ([mutex/lock_event])
[0x00007fc3840063f0] Threads_lock - owner thread: 0x00007fc384077800
[0x00007fc3840068f0] Heap_lock - owner thread: 0x00007fc38400a000

Heap:
 PSYoungGen      total 134656K, used 13802K [0x00000000eab00000, 0x00000000f3e00000, 0x0000000100000000)
  eden space 120832K, 0% used [0x00000000eab00000,0x00000000eab00000,0x00000000f2100000)
  from space 13824K, 99% used [0x00000000f2100000,0x00000000f2e7ab68,0x00000000f2e80000)
  to   space 11776K, 0% used [0x00000000f2e80000,0x00000000f2e80000,0x00000000f3a00000)
 ParOldGen       total 40960K, used 37619K [0x00000000c0000000, 0x00000000c2800000, 0x00000000eab00000)
  object space 40960K, 91% used [0x00000000c0000000,0x00000000c24bcfb0,0x00000000c2800000)
 Metaspace       used 6065K, capacity 7152K, committed 7296K, reserved 1056768K
  class space    used 575K, capacity 616K, committed 640K, reserved 1048576K

Card table byte_map: [0x00007fc3892ee000,0x00007fc3894ef000] byte_map_base: 0x00007fc388cee000

Marking Bits: (ParMarkBitMap*) 0x00007fc38bbfe020
 Begin Bits: [0x00007fc362000000, 0x00007fc363000000)
 End Bits:   [0x00007fc363000000, 0x00007fc364000000)

Polling page: 0x00007fc38c845000

CodeCache: size=245760Kb used=7562Kb max_used=7562Kb free=238197Kb
 bounds [0x00007fc375000000, 0x00007fc375770000, 0x00007fc384000000]
 total_blobs=2089 nmethods=1825 adapters=178
 compilation: enabled

Compilation events (10 events):
Event: 7,794 Thread 0x00007fc3840bd000 1887       3       com.android.dx.cf.cst.ConstantPoolParser::parse (365 bytes)
Event: 7,800 Thread 0x00007fc3840bd000 nmethod 1887 0x00007fc3757610d0 code [0x00007fc375761640, 0x00007fc375764b08]
Event: 7,850 Thread 0x00007fc3840bd000 1888       1       com.android.dx.cf.direct.DirectClassFile$DcfTypeList::isMutable (2 bytes)
Event: 7,850 Thread 0x00007fc3840bd000 nmethod 1888 0x00007fc375766d50 code [0x00007fc375766ea0, 0x00007fc375766fb0]
Event: 7,851 Thread 0x00007fc3840bd000 1889       2       com.android.dx.dex.file.MethodAnnotationStruct::<init> (43 bytes)
Event: 7,851 Thread 0x00007fc3840bd000 nmethod 1889 0x00007fc375767010 code [0x00007fc3757671a0, 0x00007fc375767478]
Event: 7,870 Thread 0x00007fc3840bd000 1891       1       com.android.dx.rop.cst.CstLong::getType (4 bytes)
Event: 7,871 Thread 0x00007fc3840bd000 nmethod 1891 0x00007fc3757675d0 code [0x00007fc375767720, 0x00007fc375767830]
Event: 7,913 Thread 0x00007fc3840bd000 1892       2       com.android.dx.dex.file.AnnotationsDirectoryItem::addMethodAnnotations (44 bytes)
Event: 7,915 Thread 0x00007fc3840bd000 nmethod 1892 0x00007fc375767890 code [0x00007fc375767a40, 0x00007fc375767e88]

GC Heap History (10 events):
Event: 2,194 GC heap after
Heap after GC invocations=2 (full 0):
 PSYoungGen      total 33280K, used 2540K [0x00000000eab00000, 0x00000000ece00000, 0x0000000100000000)
  eden space 30720K, 0% used [0x00000000eab00000,0x00000000eab00000,0x00000000ec900000)
  from space 2560K, 99% used [0x00000000ecb80000,0x00000000ecdfb380,0x00000000ece00000)
  to   space 2560K, 0% used [0x00000000ec900000,0x00000000ec900000,0x00000000ecb80000)
 ParOldGen       total 40960K, used 3747K [0x00000000c0000000, 0x00000000c2800000, 0x00000000eab00000)
  object space 40960K, 9% used [0x00000000c0000000,0x00000000c03a8da0,0x00000000c2800000)
 Metaspace       used 5667K, capacity 6896K, committed 7040K, reserved 1056768K
  class space    used 565K, capacity 616K, committed 640K, reserved 1048576K
}
Event: 2,969 GC heap before
{Heap before GC invocations=3 (full 0):
 PSYoungGen      total 33280K, used 33260K [0x00000000eab00000, 0x00000000ece00000, 0x0000000100000000)
  eden space 30720K, 100% used [0x00000000eab00000,0x00000000ec900000,0x00000000ec900000)
  from space 2560K, 99% used [0x00000000ecb80000,0x00000000ecdfb380,0x00000000ece00000)
  to   space 2560K, 0% used [0x00000000ec900000,0x00000000ec900000,0x00000000ecb80000)
 ParOldGen       total 40960K, used 3747K [0x00000000c0000000, 0x00000000c2800000, 0x00000000eab00000)
  object space 40960K, 9% used [0x00000000c0000000,0x00000000c03a8da0,0x00000000c2800000)
 Metaspace       used 5800K, capacity 7024K, committed 7296K, reserved 1056768K
  class space    used 565K, capacity 616K, committed 640K, reserved 1048576K
Event: 3,027 GC heap after
Heap after GC invocations=3 (full 0):
 PSYoungGen      total 33280K, used 2555K [0x00000000eab00000, 0x00000000eec00000, 0x0000000100000000)
  eden space 30720K, 0% used [0x00000000eab00000,0x00000000eab00000,0x00000000ec900000)
  from space 2560K, 99% used [0x00000000ec900000,0x00000000ecb7ee18,0x00000000ecb80000)
  to   space 2560K, 0% used [0x00000000ee980000,0x00000000ee980000,0x00000000eec00000)
 ParOldGen       total 40960K, used 8307K [0x00000000c0000000, 0x00000000c2800000, 0x00000000eab00000)
  object space 40960K, 20% used [0x00000000c0000000,0x00000000c081cf58,0x00000000c2800000)
 Metaspace       used 5800K, capacity 7024K, committed 7296K, reserved 1056768K
  class space    used 565K, capacity 616K, committed 640K, reserved 1048576K
}
Event: 3,703 GC heap before
{Heap before GC invocations=4 (full 0):
 PSYoungGen      total 33280K, used 33275K [0x00000000eab00000, 0x00000000eec00000, 0x0000000100000000)
  eden space 30720K, 100% used [0x00000000eab00000,0x00000000ec900000,0x00000000ec900000)
  from space 2560K, 99% used [0x00000000ec900000,0x00000000ecb7ee18,0x00000000ecb80000)
  to   space 2560K, 0% used [0x00000000ee980000,0x00000000ee980000,0x00000000eec00000)
 ParOldGen       total 40960K, used 8307K [0x00000000c0000000, 0x00000000c2800000, 0x00000000eab00000)
  object space 40960K, 20% used [0x00000000c0000000,0x00000000c081cf58,0x00000000c2800000)
 Metaspace       used 5927K, capacity 7088K, committed 7296K, reserved 1056768K
  class space    used 574K, capacity 616K, committed 640K, reserved 1048576K
Event: 3,733 GC heap after
Heap after GC invocations=4 (full 0):
 PSYoungGen      total 64000K, used 2544K [0x00000000eab00000, 0x00000000eec00000, 0x0000000100000000)
  eden space 61440K, 0% used [0x00000000eab00000,0x00000000eab00000,0x00000000ee700000)
  from space 2560K, 99% used [0x00000000ee980000,0x00000000eebfc390,0x00000000eec00000)
  to   space 2560K, 0% used [0x00000000ee700000,0x00000000ee700000,0x00000000ee980000)
 ParOldGen       total 40960K, used 13099K [0x00000000c0000000, 0x00000000c2800000, 0x00000000eab00000)
  object space 40960K, 31% used [0x00000000c0000000,0x00000000c0ccad28,0x00000000c2800000)
 Metaspace       used 5927K, capacity 7088K, committed 7296K, reserved 1056768K
  class space    used 574K, capacity 616K, committed 640K, reserved 1048576K
}
Event: 4,796 GC heap before
{Heap before GC invocations=5 (full 0):
 PSYoungGen      total 64000K, used 63984K [0x00000000eab00000, 0x00000000eec00000, 0x0000000100000000)
  eden space 61440K, 100% used [0x00000000eab00000,0x00000000ee700000,0x00000000ee700000)
  from space 2560K, 99% used [0x00000000ee980000,0x00000000eebfc390,0x00000000eec00000)
  to   space 2560K, 0% used [0x00000000ee700000,0x00000000ee700000,0x00000000ee980000)
 ParOldGen       total 40960K, used 13099K [0x00000000c0000000, 0x00000000c2800000, 0x00000000eab00000)
  object space 40960K, 31% used [0x00000000c0000000,0x00000000c0ccad28,0x00000000c2800000)
 Metaspace       used 5951K, capacity 7088K, committed 7296K, reserved 1056768K
  class space    used 574K, capacity 616K, committed 640K, reserved 1048576K
Event: 4,835 GC heap after
Heap after GC invocations=5 (full 0):
 PSYoungGen      total 64000K, used 2552K [0x00000000eab00000, 0x00000000f3a00000, 0x0000000100000000)
  eden space 61440K, 0% used [0x00000000eab00000,0x00000000eab00000,0x00000000ee700000)
  from space 2560K, 99% used [0x00000000ee700000,0x00000000ee97e068,0x00000000ee980000)
  to   space 11776K, 0% used [0x00000000f2e80000,0x00000000f2e80000,0x00000000f3a00000)
 ParOldGen       total 40960K, used 21302K [0x00000000c0000000, 0x00000000c2800000, 0x00000000eab00000)
  object space 40960K, 52% used [0x00000000c0000000,0x00000000c14cda68,0x00000000c2800000)
 Metaspace       used 5951K, capacity 7088K, committed 7296K, reserved 1056768K
  class space    used 574K, capacity 616K, committed 640K, reserved 1048576K
}
Event: 5,691 GC heap before
{Heap before GC invocations=6 (full 0):
 PSYoungGen      total 64000K, used 63992K [0x00000000eab00000, 0x00000000f3a00000, 0x0000000100000000)
  eden space 61440K, 100% used [0x00000000eab00000,0x00000000ee700000,0x00000000ee700000)
  from space 2560K, 99% used [0x00000000ee700000,0x00000000ee97e068,0x00000000ee980000)
  to   space 11776K, 0% used [0x00000000f2e80000,0x00000000f2e80000,0x00000000f3a00000)
 ParOldGen       total 40960K, used 21302K [0x00000000c0000000, 0x00000000c2800000, 0x00000000eab00000)
  object space 40960K, 52% used [0x00000000c0000000,0x00000000c14cda68,0x00000000c2800000)
 Metaspace       used 6000K, capacity 7152K, committed 7296K, reserved 1056768K
  class space    used 575K, capacity 616K, committed 640K, reserved 1048576K
Event: 5,757 GC heap after
Heap after GC invocations=6 (full 0):
 PSYoungGen      total 132608K, used 11769K [0x00000000eab00000, 0x00000000f3e00000, 0x0000000100000000)
  eden space 120832K, 0% used [0x00000000eab00000,0x00000000eab00000,0x00000000f2100000)
  from space 11776K, 99% used [0x00000000f2e80000,0x00000000f39fe548,0x00000000f3a00000)
  to   space 13824K, 0% used [0x00000000f2100000,0x00000000f2100000,0x00000000f2e80000)
 ParOldGen       total 40960K, used 21810K [0x00000000c0000000, 0x00000000c2800000, 0x00000000eab00000)
  object space 40960K, 53% used [0x00000000c0000000,0x00000000c154cb50,0x00000000c2800000)
 Metaspace       used 6000K, capacity 7152K, committed 7296K, reserved 1056768K
  class space    used 575K, capacity 616K, committed 640K, reserved 1048576K
}
Event: 7,939 GC heap before
{Heap before GC invocations=7 (full 0):
 PSYoungGen      total 132608K, used 132601K [0x00000000eab00000, 0x00000000f3e00000, 0x0000000100000000)
  eden space 120832K, 100% used [0x00000000eab00000,0x00000000f2100000,0x00000000f2100000)
  from space 11776K, 99% used [0x00000000f2e80000,0x00000000f39fe548,0x00000000f3a00000)
  to   space 13824K, 0% used [0x00000000f2100000,0x00000000f2100000,0x00000000f2e80000)
 ParOldGen       total 40960K, used 21810K [0x00000000c0000000, 0x00000000c2800000, 0x00000000eab00000)
  object space 40960K, 53% used [0x00000000c0000000,0x00000000c154cb50,0x00000000c2800000)
 Metaspace       used 6065K, capacity 7152K, committed 7296K, reserved 1056768K
  class space    used 575K, capacity 616K, committed 640K, reserved 1048576K

Deoptimization events (10 events):
Event: 4,652 Thread 0x00007fc38400a000 Uncommon trap: reason=bimorphic action=maybe_recompile pc=0x00007fc3755d63c8 method=com.android.dx.cf.code.BytecodeArray.parseInstruction(ILcom/android/dx/cf/code/BytecodeArray$Visitor;)I @ 1161
Event: 4,652 Thread 0x00007fc38400a000 Uncommon trap: reason=bimorphic action=maybe_recompile pc=0x00007fc3755d60a0 method=com.android.dx.cf.code.BytecodeArray.parseInstruction(ILcom/android/dx/cf/code/BytecodeArray$Visitor;)I @ 1035
Event: 4,652 Thread 0x00007fc38400a000 Uncommon trap: reason=bimorphic action=maybe_recompile pc=0x00007fc3755d5e24 method=com.android.dx.cf.code.BytecodeArray.parseInstruction(ILcom/android/dx/cf/code/BytecodeArray$Visitor;)I @ 939
Event: 4,652 Thread 0x00007fc38400a000 Uncommon trap: reason=bimorphic action=maybe_recompile pc=0x00007fc3755d5ea8 method=com.android.dx.cf.code.BytecodeArray.parseInstruction(ILcom/android/dx/cf/code/BytecodeArray$Visitor;)I @ 955
Event: 4,652 Thread 0x00007fc38400a000 Uncommon trap: reason=bimorphic action=maybe_recompile pc=0x00007fc3755d5f2c method=com.android.dx.cf.code.BytecodeArray.parseInstruction(ILcom/android/dx/cf/code/BytecodeArray$Visitor;)I @ 971
Event: 4,652 Thread 0x00007fc38400a000 Uncommon trap: reason=bimorphic action=maybe_recompile pc=0x00007fc3755d632c method=com.android.dx.cf.code.BytecodeArray.parseInstruction(ILcom/android/dx/cf/code/BytecodeArray$Visitor;)I @ 1130
Event: 4,652 Thread 0x00007fc38400a000 Uncommon trap: reason=bimorphic action=maybe_recompile pc=0x00007fc3755d632c method=com.android.dx.cf.code.BytecodeArray.parseInstruction(ILcom/android/dx/cf/code/BytecodeArray$Visitor;)I @ 1130
Event: 5,341 Thread 0x00007fc38400a000 Uncommon trap: reason=unstable_if action=reinterpret pc=0x00007fc3754023c4 method=com.android.dx.util.IntList.binarysearch(I)I @ 105
Event: 5,434 Thread 0x00007fc38400a000 Uncommon trap: reason=unstable_if action=reinterpret pc=0x00007fc37544b5a0 method=java.util.HashMap.putVal(ILjava/lang/Object;Ljava/lang/Object;ZZ)Ljava/lang/Object; @ 109
Event: 7,041 Thread 0x00007fc38400a000 Uncommon trap: reason=unstable_if action=reinterpret pc=0x00007fc37564855c method=com.android.dx.ssa.SCCP.simulateStmt(Lcom/android/dx/ssa/SsaInsn;)V @ 435

Internal exceptions (6 events):
Event: 0,092 Thread 0x00007fc38400a000 Exception <a 'java/lang/NoSuchMethodError': Method sun.misc.Unsafe.defineClass(Ljava/lang/String;[BII)Ljava/lang/Class; name or signature does not match> (0x00000000eab12b98) thrown at [/HUDSON/workspace/8-2-build-linux-amd64/jdk8u66/4988/hotspot/src/shar
Event: 0,092 Thread 0x00007fc38400a000 Exception <a 'java/lang/NoSuchMethodError': Method sun.misc.Unsafe.prefetchRead(Ljava/lang/Object;J)V name or signature does not match> (0x00000000eab12e80) thrown at [/HUDSON/workspace/8-2-build-linux-amd64/jdk8u66/4988/hotspot/src/share/vm/prims/jni.cpp
Event: 1,603 Thread 0x00007fc38400a000 Exception <a 'java/lang/ArrayIndexOutOfBoundsException': 18> (0x00000000eb94b308) thrown at [/HUDSON/workspace/8-2-build-linux-amd64/jdk8u66/4988/hotspot/src/share/vm/interpreter/interpreterRuntime.cpp, line 366]
Event: 3,150 Thread 0x00007fc38400a000 Exception <a 'java/lang/ArrayIndexOutOfBoundsException': 145> (0x00000000eae56a68) thrown at [/HUDSON/workspace/8-2-build-linux-amd64/jdk8u66/4988/hotspot/src/share/vm/interpreter/interpreterRuntime.cpp, line 366]
Event: 3,165 Thread 0x00007fc38400a000 Exception <a 'java/lang/ArrayIndexOutOfBoundsException'> (0x00000000eae57d50) thrown at [/HUDSON/workspace/8-2-build-linux-amd64/jdk8u66/4988/hotspot/src/share/vm/runtime/sharedRuntime.cpp, line 605]
Event: 3,211 Thread 0x00007fc38400a000 Implicit null exception at 0x00007fc37537e391 to 0x00007fc37537f7dd

Events (10 events):
Event: 5,691 Executing VM operation: ParallelGCFailedAllocation
Event: 5,757 Executing VM operation: ParallelGCFailedAllocation done
Event: 7,041 Thread 0x00007fc38400a000 Uncommon trap: trap_request=0xffffff65 fr.pc=0x00007fc37564855c
Event: 7,041 Thread 0x00007fc38400a000 DEOPT PACKING pc=0x00007fc37564855c sp=0x00007fc38c81bac0
Event: 7,041 Thread 0x00007fc38400a000 DEOPT UNPACKING pc=0x00007fc375005229 sp=0x00007fc38c81baf8 mode 2
Event: 7,739 Thread 0x00007fc38400a000 DEOPT PACKING pc=0x00007fc375645b11 sp=0x00007fc38c81c0c0
Event: 7,739 Thread 0x00007fc38400a000 DEOPT UNPACKING pc=0x00007fc375047233 sp=0x00007fc38c81bee8 mode 0
Event: 7,800 Thread 0x00007fc38400a000 DEOPT PACKING pc=0x00007fc37567e982 sp=0x00007fc38c81bcd0
Event: 7,800 Thread 0x00007fc38400a000 DEOPT UNPACKING pc=0x00007fc375047233 sp=0x00007fc38c81bb00 mode 0
Event: 7,939 Executing VM operation: ParallelGCFailedAllocation


Dynamic libraries:
00400000-00401000 r-xp 00000000 08:09 8264170                            /usr/lib/jvm/java-8-oracle/bin/java
00600000-00601000 rw-p 00000000 08:09 8264170                            /usr/lib/jvm/java-8-oracle/bin/java
01e6e000-01e8f000 rw-p 00000000 00:00 0                                  [heap]
c0000000-c2800000 rw-p 00000000 00:00 0 
c2800000-eab00000 ---p 00000000 00:00 0 
eab00000-f3e00000 rw-p 00000000 00:00 0 
fc600000-100000000 ---p 00000000 00:00 0 
100000000-1000a0000 rw-p 00000000 00:00 0 
1000a0000-140000000 ---p 00000000 00:00 0 
7fc33c000000-7fc33c021000 rw-p 00000000 00:00 0 
7fc33c021000-7fc340000000 ---p 00000000 00:00 0 
7fc340000000-7fc340021000 rw-p 00000000 00:00 0 
7fc340021000-7fc344000000 ---p 00000000 00:00 0 
7fc344000000-7fc3449b9000 rw-p 00000000 00:00 0 
7fc3449b9000-7fc348000000 ---p 00000000 00:00 0 
7fc348000000-7fc348021000 rw-p 00000000 00:00 0 
7fc348021000-7fc34c000000 ---p 00000000 00:00 0 
7fc34c000000-7fc34d484000 rw-p 00000000 00:00 0 
7fc34d484000-7fc350000000 ---p 00000000 00:00 0 
7fc350000000-7fc35146c000 rw-p 00000000 00:00 0 
7fc35146c000-7fc354000000 ---p 00000000 00:00 0 
7fc354000000-7fc354021000 rw-p 00000000 00:00 0 
7fc354021000-7fc358000000 ---p 00000000 00:00 0 
7fc358000000-7fc358021000 rw-p 00000000 00:00 0 
7fc358021000-7fc35c000000 ---p 00000000 00:00 0 
7fc35c000000-7fc35c296000 rw-p 00000000 00:00 0 
7fc35c296000-7fc360000000 ---p 00000000 00:00 0 
7fc360fe4000-7fc360fe5000 ---p 00000000 00:00 0 
7fc360fe5000-7fc3610e5000 rw-p 00000000 00:00 0                          [stack:19083]
7fc3610e5000-7fc3610e8000 ---p 00000000 00:00 0 
7fc3610e8000-7fc3611e6000 rw-p 00000000 00:00 0                          [stack:19082]
7fc3611e6000-7fc3611e9000 ---p 00000000 00:00 0 
7fc3611e9000-7fc3612e7000 rw-p 00000000 00:00 0                          [stack:19081]
7fc3612e7000-7fc3612ea000 ---p 00000000 00:00 0 
7fc3612ea000-7fc3613e8000 rw-p 00000000 00:00 0                          [stack:19080]
7fc3613e8000-7fc3613eb000 ---p 00000000 00:00 0 
7fc3613eb000-7fc3614e9000 rw-p 00000000 00:00 0                          [stack:19079]
7fc3614e9000-7fc3614ec000 ---p 00000000 00:00 0 
7fc3614ec000-7fc3615ea000 rw-p 00000000 00:00 0                          [stack:19078]
7fc3615ea000-7fc361dfe000 r--p 00000000 08:09 8264660                    /usr/lib/locale/locale-archive
7fc361dfe000-7fc361e01000 ---p 00000000 00:00 0 
7fc361e01000-7fc361eff000 rw-p 00000000 00:00 0                          [stack:19077]
7fc361eff000-7fc361f02000 ---p 00000000 00:00 0 
7fc361f02000-7fc364000000 rw-p 00000000 00:00 0                          [stack:19076]
7fc364000000-7fc364021000 rw-p 00000000 00:00 0 
7fc364021000-7fc368000000 ---p 00000000 00:00 0 
7fc368000000-7fc368021000 rw-p 00000000 00:00 0 
7fc368021000-7fc36c000000 ---p 00000000 00:00 0 
7fc36c000000-7fc36c021000 rw-p 00000000 00:00 0 
7fc36c021000-7fc370000000 ---p 00000000 00:00 0 
7fc370000000-7fc370021000 rw-p 00000000 00:00 0 
7fc370021000-7fc374000000 ---p 00000000 00:00 0 
7fc374027000-7fc37402e000 r--s 00000000 08:09 8656686                    /usr/lib/x86_64-linux-gnu/gconv/gconv-modules.cache
7fc37402e000-7fc37405d000 r--p 00000000 08:09 9457562                    /usr/share/locale-langpack/ru/LC_MESSAGES/libc.mo
7fc37405d000-7fc37407f000 r--s 00161000 08:09 6435613                    /home/mihail/AndroidstudioProjects/DLControl/app/build/intermediates/multi-dex/debug/allclasses.jar
7fc37407f000-7fc37408e000 r--s 000dd000 08:09 4854418                    /home/mihail/Android/Sdk/build-tools/22.0.1/lib/dx.jar
7fc37408e000-7fc37408f000 ---p 00000000 00:00 0 
7fc37408f000-7fc375000000 rw-p 00000000 00:00 0                          [stack:19075]
7fc375000000-7fc375770000 rwxp 00000000 00:00 0 
7fc375770000-7fc384000000 ---p 00000000 00:00 0 
7fc384000000-7fc3843b1000 rw-p 00000000 00:00 0 
7fc3843b1000-7fc388000000 ---p 00000000 00:00 0 
7fc388002000-7fc388145000 rw-p 00000000 00:00 0 
7fc388145000-7fc38831e000 r--s 03d20000 08:09 8270828                    /usr/lib/jvm/java-8-oracle/jre/lib/rt.jar
7fc38831e000-7fc388a14000 rw-p 00000000 00:00 0 
7fc388a14000-7fc388b94000 ---p 00000000 00:00 0 
7fc388b94000-7fc388d94000 rw-p 00000000 00:00 0 
7fc388d94000-7fc388d95000 ---p 00000000 00:00 0 
7fc388d95000-7fc388e95000 rw-p 00000000 00:00 0                          [stack:19074]
7fc388e95000-7fc388e96000 ---p 00000000 00:00 0 
7fc388e96000-7fc388f96000 rw-p 00000000 00:00 0                          [stack:19073]
7fc388f96000-7fc388f97000 ---p 00000000 00:00 0 
7fc388f97000-7fc389097000 rw-p 00000000 00:00 0                          [stack:19072]
7fc389097000-7fc389098000 ---p 00000000 00:00 0 
7fc389098000-7fc3891ac000 rw-p 00000000 00:00 0                          [stack:19071]
7fc3891ac000-7fc3892ee000 ---p 00000000 00:00 0 
7fc3892ee000-7fc389302000 rw-p 00000000 00:00 0 
7fc389302000-7fc389443000 ---p 00000000 00:00 0 
7fc389443000-7fc38948d000 rw-p 00000000 00:00 0 
7fc38948d000-7fc3894ee000 ---p 00000000 00:00 0 
7fc3894ee000-7fc38950d000 rw-p 00000000 00:00 0 
7fc38950d000-7fc3898af000 ---p 00000000 00:00 0 
7fc3898af000-7fc3898c9000 r-xp 00000000 08:09 8396410                    /usr/lib/jvm/java-8-oracle/jre/lib/amd64/libzip.so
7fc3898c9000-7fc389ac9000 ---p 0001a000 08:09 8396410                    /usr/lib/jvm/java-8-oracle/jre/lib/amd64/libzip.so
7fc389ac9000-7fc389aca000 rw-p 0001a000 08:09 8396410                    /usr/lib/jvm/java-8-oracle/jre/lib/amd64/libzip.so
7fc389aca000-7fc389ad5000 r-xp 00000000 08:09 2883613                    /lib/x86_64-linux-gnu/libnss_files-2.19.so
7fc389ad5000-7fc389cd4000 ---p 0000b000 08:09 2883613                    /lib/x86_64-linux-gnu/libnss_files-2.19.so
7fc389cd4000-7fc389cd5000 r--p 0000a000 08:09 2883613                    /lib/x86_64-linux-gnu/libnss_files-2.19.so
7fc389cd5000-7fc389cd6000 rw-p 0000b000 08:09 2883613                    /lib/x86_64-linux-gnu/libnss_files-2.19.so
7fc389cd6000-7fc389ce1000 r-xp 00000000 08:09 2887574                    /lib/x86_64-linux-gnu/libnss_nis-2.19.so
7fc389ce1000-7fc389ee0000 ---p 0000b000 08:09 2887574                    /lib/x86_64-linux-gnu/libnss_nis-2.19.so
7fc389ee0000-7fc389ee1000 r--p 0000a000 08:09 2887574                    /lib/x86_64-linux-gnu/libnss_nis-2.19.so
7fc389ee1000-7fc389ee2000 rw-p 0000b000 08:09 2887574                    /lib/x86_64-linux-gnu/libnss_nis-2.19.so
7fc389ee2000-7fc389ef9000 r-xp 00000000 08:09 2883680                    /lib/x86_64-linux-gnu/libnsl-2.19.so
7fc389ef9000-7fc38a0f8000 ---p 00017000 08:09 2883680                    /lib/x86_64-linux-gnu/libnsl-2.19.so
7fc38a0f8000-7fc38a0f9000 r--p 00016000 08:09 2883680                    /lib/x86_64-linux-gnu/libnsl-2.19.so
7fc38a0f9000-7fc38a0fa000 rw-p 00017000 08:09 2883680                    /lib/x86_64-linux-gnu/libnsl-2.19.so
7fc38a0fa000-7fc38a0fc000 rw-p 00000000 00:00 0 
7fc38a0fc000-7fc38a105000 r-xp 00000000 08:09 2883679                    /lib/x86_64-linux-gnu/libnss_compat-2.19.so
7fc38a105000-7fc38a304000 ---p 00009000 08:09 2883679                    /lib/x86_64-linux-gnu/libnss_compat-2.19.so
7fc38a304000-7fc38a305000 r--p 00008000 08:09 2883679                    /lib/x86_64-linux-gnu/libnss_compat-2.19.so
7fc38a305000-7fc38a306000 rw-p 00009000 08:09 2883679                    /lib/x86_64-linux-gnu/libnss_compat-2.19.so
7fc38a306000-7fc38a330000 r-xp 00000000 08:09 8396398                    /usr/lib/jvm/java-8-oracle/jre/lib/amd64/libjava.so
7fc38a330000-7fc38a530000 ---p 0002a000 08:09 8396398                    /usr/lib/jvm/java-8-oracle/jre/lib/amd64/libjava.so
7fc38a530000-7fc38a532000 rw-p 0002a000 08:09 8396398                    /usr/lib/jvm/java-8-oracle/jre/lib/amd64/libjava.so
7fc38a532000-7fc38a53f000 r-xp 00000000 08:09 8396439                    /usr/lib/jvm/java-8-oracle/jre/lib/amd64/libverify.so
7fc38a53f000-7fc38a73f000 ---p 0000d000 08:09 8396439                    /usr/lib/jvm/java-8-oracle/jre/lib/amd64/libverify.so
7fc38a73f000-7fc38a741000 rw-p 0000d000 08:09 8396439                    /usr/lib/jvm/java-8-oracle/jre/lib/amd64/libverify.so
7fc38a741000-7fc38a748000 r-xp 00000000 08:09 2883688                    /lib/x86_64-linux-gnu/librt-2.19.so
7fc38a748000-7fc38a947000 ---p 00007000 08:09 2883688                    /lib/x86_64-linux-gnu/librt-2.19.so
7fc38a947000-7fc38a948000 r--p 00006000 08:09 2883688                    /lib/x86_64-linux-gnu/librt-2.19.so
7fc38a948000-7fc38a949000 rw-p 00007000 08:09 2883688                    /lib/x86_64-linux-gnu/librt-2.19.so
7fc38a949000-7fc38aa4e000 r-xp 00000000 08:09 2883610                    /lib/x86_64-linux-gnu/libm-2.19.so
7fc38aa4e000-7fc38ac4d000 ---p 00105000 08:09 2883610                    /lib/x86_64-linux-gnu/libm-2.19.so
7fc38ac4d000-7fc38ac4e000 r--p 00104000 08:09 2883610                    /lib/x86_64-linux-gnu/libm-2.19.so
7fc38ac4e000-7fc38ac4f000 rw-p 00105000 08:09 2883610                    /lib/x86_64-linux-gnu/libm-2.19.so
7fc38ac4f000-7fc38b90d000 r-xp 00000000 08:09 8396782                    /usr/lib/jvm/java-8-oracle/jre/lib/amd64/server/libjvm.so
7fc38b90d000-7fc38bb0c000 ---p 00cbe000 08:09 8396782                    /usr/lib/jvm/java-8-oracle/jre/lib/amd64/server/libjvm.so
7fc38bb0c000-7fc38bbe5000 rw-p 00cbd000 08:09 8396782                    /usr/lib/jvm/java-8-oracle/jre/lib/amd64/server/libjvm.so
7fc38bbe5000-7fc38bc29000 rw-p 00000000 00:00 0 
7fc38bc29000-7fc38bde4000 r-xp 00000000 08:09 2883685                    /lib/x86_64-linux-gnu/libc-2.19.so
7fc38bde4000-7fc38bfe3000 ---p 001bb000 08:09 2883685                    /lib/x86_64-linux-gnu/libc-2.19.so
7fc38bfe3000-7fc38bfe7000 r--p 001ba000 08:09 2883685                    /lib/x86_64-linux-gnu/libc-2.19.so
7fc38bfe7000-7fc38bfe9000 rw-p 001be000 08:09 2883685                    /lib/x86_64-linux-gnu/libc-2.19.so
7fc38bfe9000-7fc38bfee000 rw-p 00000000 00:00 0 
7fc38bfee000-7fc38bff1000 r-xp 00000000 08:09 2883674                    /lib/x86_64-linux-gnu/libdl-2.19.so
7fc38bff1000-7fc38c1f0000 ---p 00003000 08:09 2883674                    /lib/x86_64-linux-gnu/libdl-2.19.so
7fc38c1f0000-7fc38c1f1000 r--p 00002000 08:09 2883674                    /lib/x86_64-linux-gnu/libdl-2.19.so
7fc38c1f1000-7fc38c1f2000 rw-p 00003000 08:09 2883674                    /lib/x86_64-linux-gnu/libdl-2.19.so
7fc38c1f2000-7fc38c207000 r-xp 00000000 08:09 8528436                    /usr/lib/jvm/java-8-oracle/lib/amd64/jli/libjli.so
7fc38c207000-7fc38c407000 ---p 00015000 08:09 8528436                    /usr/lib/jvm/java-8-oracle/lib/amd64/jli/libjli.so
7fc38c407000-7fc38c408000 rw-p 00015000 08:09 8528436                    /usr/lib/jvm/java-8-oracle/lib/amd64/jli/libjli.so
7fc38c408000-7fc38c421000 r-xp 00000000 08:09 2883686                    /lib/x86_64-linux-gnu/libpthread-2.19.so
7fc38c421000-7fc38c620000 ---p 00019000 08:09 2883686                    /lib/x86_64-linux-gnu/libpthread-2.19.so
7fc38c620000-7fc38c621000 r--p 00018000 08:09 2883686                    /lib/x86_64-linux-gnu/libpthread-2.19.so
7fc38c621000-7fc38c622000 rw-p 00019000 08:09 2883686                    /lib/x86_64-linux-gnu/libpthread-2.19.so
7fc38c622000-7fc38c626000 rw-p 00000000 00:00 0 
7fc38c626000-7fc38c649000 r-xp 00000000 08:09 2883682                    /lib/x86_64-linux-gnu/ld-2.19.so
7fc38c64b000-7fc38c71d000 rw-p 00000000 00:00 0 
7fc38c71d000-7fc38c720000 ---p 00000000 00:00 0 
7fc38c720000-7fc38c822000 rw-p 00000000 00:00 0                          [stack:19070]
7fc38c827000-7fc38c83c000 rw-p 00000000 00:00 0 
7fc38c83c000-7fc38c844000 rw-s 00000000 08:09 10888627                   /tmp/hsperfdata_mihail/19066
7fc38c844000-7fc38c845000 rw-p 00000000 00:00 0 
7fc38c845000-7fc38c846000 ---p 00000000 00:00 0 
7fc38c846000-7fc38c848000 rw-p 00000000 00:00 0 
7fc38c848000-7fc38c849000 r--p 00022000 08:09 2883682                    /lib/x86_64-linux-gnu/ld-2.19.so
7fc38c849000-7fc38c84a000 rw-p 00023000 08:09 2883682                    /lib/x86_64-linux-gnu/ld-2.19.so
7fc38c84a000-7fc38c84b000 rw-p 00000000 00:00 0 
7ffef0788000-7ffef07a9000 rw-p 00000000 00:00 0                          [stack]
7ffef07df000-7ffef07e1000 r-xp 00000000 00:00 0                          [vdso]
ffffffffff600000-ffffffffff601000 r-xp 00000000 00:00 0                  [vsyscall]

VM Arguments:
jvm_args: -Xmx1024M -Dfile.encoding=UTF-8 -Duser.country=RU -Duser.language=ru -Duser.variant 
java_command: com.android.dx.command.Main --dex --multi-dex --main-dex-list /home/mihail/AndroidstudioProjects/DLControl/app/build/intermediates/multi-dex/debug/maindexlist.txt --output /home/mihail/AndroidstudioProjects/DLControl/app/build/intermediates/dex/debug /home/mihail/AndroidstudioProjects/DLControl/app/build/intermediates/multi-dex/debug/allclasses.jar
java_class_path (initial): /home/mihail/Android/Sdk/build-tools/22.0.1/lib/dx.jar
Launcher Type: SUN_STANDARD

Environment Variables:
PATH=/usr/local/sbin:/usr/local/bin:/usr/sbin:/usr/bin:/sbin:/bin:/usr/games:/usr/local/games
LD_LIBRARY_PATH=/home/mihail/Android/android-studio/bin:
SHELL=/bin/bash
DISPLAY=:0

Signal Handlers:
SIGSEGV: [libjvm.so+0xaba2a0], sa_mask[0]=11111111011111111101111111111110, sa_flags=SA_RESTART|SA_SIGINFO
SIGBUS: [libjvm.so+0xaba2a0], sa_mask[0]=11111111011111111101111111111110, sa_flags=SA_RESTART|SA_SIGINFO
SIGFPE: [libjvm.so+0x917710], sa_mask[0]=11111111011111111101111111111110, sa_flags=SA_RESTART|SA_SIGINFO
SIGPIPE: [libjvm.so+0x917710], sa_mask[0]=11111111011111111101111111111110, sa_flags=SA_RESTART|SA_SIGINFO
SIGXFSZ: [libjvm.so+0x917710], sa_mask[0]=11111111011111111101111111111110, sa_flags=SA_RESTART|SA_SIGINFO
SIGILL: [libjvm.so+0x917710], sa_mask[0]=11111111011111111101111111111110, sa_flags=SA_RESTART|SA_SIGINFO
SIGUSR1: SIG_DFL, sa_mask[0]=00000000000000000000000000000000, sa_flags=none
SIGUSR2: [libjvm.so+0x918d40], sa_mask[0]=00100000000000000000000000000000, sa_flags=SA_RESTART|SA_SIGINFO
SIGHUP: [libjvm.so+0x91a140], sa_mask[0]=11111111011111111101111111111110, sa_flags=SA_RESTART|SA_SIGINFO
SIGINT: [libjvm.so+0x91a140], sa_mask[0]=11111111011111111101111111111110, sa_flags=SA_RESTART|SA_SIGINFO
SIGTERM: [libjvm.so+0x91a140], sa_mask[0]=11111111011111111101111111111110, sa_flags=SA_RESTART|SA_SIGINFO
SIGQUIT: [libjvm.so+0x91a140], sa_mask[0]=11111111011111111101111111111110, sa_flags=SA_RESTART|SA_SIGINFO


---------------  S Y S T E M  ---------------

OS:DISTRIB_ID=Ubuntu
DISTRIB_RELEASE=14.04
DISTRIB_CODENAME=trusty
DISTRIB_DESCRIPTION="Ubuntu 14.04.3 LTS"

uname:Linux 3.13.0-71-generic #114-Ubuntu SMP Tue Dec 1 02:34:22 UTC 2015 x86_64
libc:glibc 2.19 NPTL 2.19 
rlimit: STACK 8192k, CORE 0k, NPROC 30097, NOFILE 4096, AS infinity
load average:3,28 1,64 1,25

/proc/meminfo:
MemTotal:        3928848 kB
MemFree:          130344 kB
Buffers:            1068 kB
Cached:           343484 kB
SwapCached:            0 kB
Active:          3272072 kB
Inactive:         313416 kB
Active(anon):    3242564 kB
Inactive(anon):   279720 kB
Active(file):      29508 kB
Inactive(file):    33696 kB
Unevictable:          68 kB
Mlocked:              68 kB
SwapTotal:             0 kB
SwapFree:              0 kB
Dirty:                44 kB
Writeback:           144 kB
AnonPages:       3241060 kB
Mapped:           150028 kB
Shmem:            281232 kB
Slab:              93428 kB
SReclaimable:      45744 kB
SUnreclaim:        47684 kB
KernelStack:        6448 kB
PageTables:        56476 kB
NFS_Unstable:          0 kB
Bounce:                0 kB
WritebackTmp:          0 kB
CommitLimit:     1964424 kB
Committed_AS:    6901100 kB
VmallocTotal:   34359738367 kB
VmallocUsed:      347716 kB
VmallocChunk:   34359342716 kB
HardwareCorrupted:     0 kB
AnonHugePages:   1482752 kB
HugePages_Total:       0
HugePages_Free:        0
HugePages_Rsvd:        0
HugePages_Surp:        0
Hugepagesize:       2048 kB
DirectMap4k:       75456 kB
DirectMap2M:     3999744 kB


CPU:total 4 (4 cores per cpu, 1 threads per core) family 6 model 55 stepping 8, cmov, cx8, fxsr, mmx, sse, sse2, sse3, ssse3, sse4.1, sse4.2, popcnt, clmul, erms, 3dnowpref, tsc, tscinvbit

/proc/cpuinfo:
processor	: 0
vendor_id	: GenuineIntel
cpu family	: 6
model		: 55
model name	: Intel(R) Pentium(R) CPU  N3540  @ 2.16GHz
stepping	: 8
microcode	: 0x829
cpu MHz		: 498.000
cache size	: 1024 KB
physical id	: 0
siblings	: 4
core id		: 0
cpu cores	: 4
apicid		: 0
initial apicid	: 0
fpu		: yes
fpu_exception	: yes
cpuid level	: 11
wp		: yes
flags		: fpu vme de pse tsc msr pae mce cx8 apic sep mtrr pge mca cmov pat pse36 clflush dts acpi mmx fxsr sse sse2 ss ht tm pbe syscall nx rdtscp lm constant_tsc arch_perfmon pebs bts rep_good nopl xtopology nonstop_tsc aperfmperf pni pclmulqdq dtes64 monitor ds_cpl vmx est tm2 ssse3 cx16 xtpr pdcm sse4_1 sse4_2 movbe popcnt tsc_deadline_timer rdrand lahf_lm 3dnowprefetch ida arat epb dtherm tpr_shadow vnmi flexpriority ept vpid tsc_adjust smep erms
bogomips	: 4333.50
clflush size	: 64
cache_alignment	: 64
address sizes	: 36 bits physical, 48 bits virtual
power management:

processor	: 1
vendor_id	: GenuineIntel
cpu family	: 6
model		: 55
model name	: Intel(R) Pentium(R) CPU  N3540  @ 2.16GHz
stepping	: 8
microcode	: 0x829
cpu MHz		: 2159.000
cache size	: 1024 KB
physical id	: 0
siblings	: 4
core id		: 1
cpu cores	: 4
apicid		: 2
initial apicid	: 2
fpu		: yes
fpu_exception	: yes
cpuid level	: 11
wp		: yes
flags		: fpu vme de pse tsc msr pae mce cx8 apic sep mtrr pge mca cmov pat pse36 clflush dts acpi mmx fxsr sse sse2 ss ht tm pbe syscall nx rdtscp lm constant_tsc arch_perfmon pebs bts rep_good nopl xtopology nonstop_tsc aperfmperf pni pclmulqdq dtes64 monitor ds_cpl vmx est tm2 ssse3 cx16 xtpr pdcm sse4_1 sse4_2 movbe popcnt tsc_deadline_timer rdrand lahf_lm 3dnowprefetch ida arat epb dtherm tpr_shadow vnmi flexpriority ept vpid tsc_adjust smep erms
bogomips	: 4333.50
clflush size	: 64
cache_alignment	: 64
address sizes	: 36 bits physical, 48 bits virtual
power management:

processor	: 2
vendor_id	: GenuineIntel
cpu family	: 6
model		: 55
model name	: Intel(R) Pentium(R) CPU  N3540  @ 2.16GHz
stepping	: 8
microcode	: 0x829
cpu MHz		: 2159.000
cache size	: 1024 KB
physical id	: 0
siblings	: 4
core id		: 2
cpu cores	: 4
apicid		: 4
initial apicid	: 4
fpu		: yes
fpu_exception	: yes
cpuid level	: 11
wp		: yes
flags		: fpu vme de pse tsc msr pae mce cx8 apic sep mtrr pge mca cmov pat pse36 clflush dts acpi mmx fxsr sse sse2 ss ht tm pbe syscall nx rdtscp lm constant_tsc arch_perfmon pebs bts rep_good nopl xtopology nonstop_tsc aperfmperf pni pclmulqdq dtes64 monitor ds_cpl vmx est tm2 ssse3 cx16 xtpr pdcm sse4_1 sse4_2 movbe popcnt tsc_deadline_timer rdrand lahf_lm 3dnowprefetch ida arat epb dtherm tpr_shadow vnmi flexpriority ept vpid tsc_adjust smep erms
bogomips	: 4333.50
clflush size	: 64
cache_alignment	: 64
address sizes	: 36 bits physical, 48 bits virtual
power management:

processor	: 3
vendor_id	: GenuineIntel
cpu family	: 6
model		: 55
model name	: Intel(R) Pentium(R) CPU  N3540  @ 2.16GHz
stepping	: 8
microcode	: 0x829
cpu MHz		: 498.000
cache size	: 1024 KB
physical id	: 0
siblings	: 4
core id		: 3
cpu cores	: 4
apicid		: 6
initial apicid	: 6
fpu		: yes
fpu_exception	: yes
cpuid level	: 11
wp		: yes
flags		: fpu vme de pse tsc msr pae mce cx8 apic sep mtrr pge mca cmov pat pse36 clflush dts acpi mmx fxsr sse sse2 ss ht tm pbe syscall nx rdtscp lm constant_tsc arch_perfmon pebs bts rep_good nopl xtopology nonstop_tsc aperfmperf pni pclmulqdq dtes64 monitor ds_cpl vmx est tm2 ssse3 cx16 xtpr pdcm sse4_1 sse4_2 movbe popcnt tsc_deadline_timer rdrand lahf_lm 3dnowprefetch ida arat epb dtherm tpr_shadow vnmi flexpriority ept vpid tsc_adjust smep erms
bogomips	: 4333.50
clflush size	: 64
cache_alignment	: 64
address sizes	: 36 bits physical, 48 bits virtual
power management:



Memory: 4k page, physical 3928848k(130344k free), swap 0k(0k free)

vm_info: Java HotSpot(TM) 64-Bit Server VM (25.66-b17) for linux-amd64 JRE (1.8.0_66-b17), built on Oct  6 2015 17:28:34 by "java_re" with gcc 4.3.0 20080428 (Red Hat 4.3.0-8)

time: Mon Dec 14 11:14:29 2015
elapsed time: 8 seconds (0d 0h 0m 8s)

